#
# There is insufficient memory for the Java Runtime Environment to continue.
# Native memory allocation (mmap) failed to map 60817408 bytes for committing reserved memory.
# Possible reasons:
#   The system is out of physical RAM or swap space
#   The process is running with CompressedOops enabled, and the Java Heap may be blocking the growth of the native heap
# Possible solutions:
#   Reduce memory load on the system
#   Increase physical memory or swap space
#   Check if swap backing store is full
#   Decrease Java heap size (-Xmx/-Xms)
#   Decrease number of Java threads
#   Decrease Java thread stack sizes (-Xss)
#   Set larger code cache with -XX:ReservedCodeCacheSize=
#   JVM is running with Unscaled Compressed Oops mode in which the Java heap is
#     placed in the first 4GB address space. The Java Heap base address is the
#     maximum limit for the native heap growth. Please use -XX:HeapBaseMinAddress
#     to set the Java Heap base and to place the Java Heap above 4GB virtual address.
# This output file may be truncated or incomplete.
#
#  Out of Memory Error (os_linux.cpp:2754), pid=17540, tid=0x00007fdb0b2b0700
#
# JRE version: OpenJDK Runtime Environment (8.0_242) (build 1.8.0_242-release-1644-b3-6222593)
# Java VM: OpenJDK 64-Bit Server VM (25.242-b3-6222593 mixed mode linux-amd64 compressed oops)
# Failed to write core dump. Core dumps have been disabled. To enable core dumping, try "ulimit -c unlimited" before starting Java again
#

---------------  T H R E A D  ---------------

Current thread (0x00007fdb2c079800):  VMThread [stack: 0x00007fdb0b1b1000,0x00007fdb0b2b1000] [id=17550]

Stack: [0x00007fdb0b1b1000,0x00007fdb0b2b1000],  sp=0x00007fdb0b2af460,  free space=1017k
Native frames: (J=compiled Java code, j=interpreted, Vv=VM code, C=native code)
V  [libjvm.so+0xa1317d]  VMError::report_and_die()+0x15d
V  [libjvm.so+0x4d7bca]  report_vm_out_of_memory(char const*, int, unsigned long, VMErrorType, char const*)+0x8a
V  [libjvm.so+0x878fb8]  os::pd_commit_memory(char*, unsigned long, unsigned long, bool)+0xd8
V  [libjvm.so+0x87088f]  os::commit_memory(char*, unsigned long, unsigned long, bool)+0x1f
V  [libjvm.so+0x8ea5fb]  PSVirtualSpace::expand_by(unsigned long)+0x5b
V  [libjvm.so+0x8eb250]  PSYoungGen::resize_generation(unsigned long, unsigned long)+0xb0
V  [libjvm.so+0x8eb56b]  PSYoungGen::resize(unsigned long, unsigned long)+0x1b
V  [libjvm.so+0x8e7cc8]  PSScavenge::invoke_no_policy()+0xdb8
V  [libjvm.so+0x8e8458]  PSScavenge::invoke()+0x38
V  [libjvm.so+0x89c9e3]  ParallelScavengeHeap::failed_mem_allocate(unsigned long)+0x63
V  [libjvm.so+0xa14d24]  VM_ParallelGCFailedAllocation::doit()+0x84
V  [libjvm.so+0xa191b7]  VM_Operation::evaluate()+0x47
V  [libjvm.so+0xa17b98]  VMThread::evaluate_operation(VM_Operation*)+0x218
V  [libjvm.so+0xa17ff9]  VMThread::loop()+0x219
V  [libjvm.so+0xa18453]  VMThread::run()+0x83
V  [libjvm.so+0x8760c2]  java_start(Thread*)+0xf2

VM_Operation (0x00007fdb0899d610): ParallelGCFailedAllocation, mode: safepoint, requested by thread 0x00007fdad4009000


---------------  P R O C E S S  ---------------

Java Threads: ( => current thread )
  0x00007fdac10c2000 JavaThread "Cache worker for file content cache (/root/.gradle/caches/6.5/fileContent)" [_thread_blocked, id=17590, stack(0x00007fdaaecf9000,0x00007fdaaedfa000)]
  0x00007fdac108c000 JavaThread "jar transforms" [_thread_blocked, id=17589, stack(0x00007fdaaedfa000,0x00007fdaaeefb000)]
  0x00007fdac0eee800 JavaThread "Cache worker for execution history cache (/root/.gradle/caches/6.5/executionHistory)" [_thread_blocked, id=17587, stack(0x00007fdaaf4fb000,0x00007fdaaf5fc000)]
  0x00007fdac0eb6800 JavaThread "Cache worker for cache directory md-rule (/root/.gradle/caches/6.5/md-rule)" [_thread_blocked, id=17586, stack(0x00007fdaaf5fc000,0x00007fdaaf6fd000)]
  0x00007fdac0e60800 JavaThread "Cache worker for cache directory md-supplier (/root/.gradle/caches/6.5/md-supplier)" [_thread_blocked, id=17585, stack(0x00007fdaaf6fd000,0x00007fdaaf7fe000)]
  0x00007fdac0e32800 JavaThread "Cache worker for checksums cache (/root/StudioProjects/WifiAwareTestApplication/.gradle/checksums)" [_thread_blocked, id=17584, stack(0x00007fdaaf9fe000,0x00007fdaafaff000)]
  0x00007fdac0d51800 JavaThread "Cache worker for file hash cache (/root/StudioProjects/WifiAwareTestApplication/.gradle/6.5/fileHashes)" [_thread_blocked, id=17583, stack(0x00007fdaafaff000,0x00007fdaafc00000)]
  0x00007fdac0297800 JavaThread "Cache worker for file hash cache (/root/.gradle/caches/6.5/fileHashes)" [_thread_blocked, id=17582, stack(0x00007fdb080a1000,0x00007fdb081a2000)]
  0x00007fdac0195000 JavaThread "File lock request listener" [_thread_in_native, id=17581, stack(0x00007fdb081a2000,0x00007fdb082a3000)]
  0x00007fdac018d800 JavaThread "Cache worker for journal cache (/root/.gradle/caches/journal-1)" [_thread_blocked, id=17580, stack(0x00007fdb082a3000,0x00007fdb083a4000)]
  0x00007fdac0016000 JavaThread "Thread-9" [_thread_blocked, id=17573, stack(0x00007fdb085a4000,0x00007fdb086a5000)]
  0x00007fdac000a800 JavaThread "Stdin handler" [_thread_blocked, id=17572, stack(0x00007fdb086a5000,0x00007fdb087a6000)]
  0x00007fdac0008000 JavaThread "Asynchronous log dispatcher for DefaultDaemonConnection: socket connection from /127.0.0.1:35807 to /127.0.0.1:48658" [_thread_blocked, id=17571, stack(0x00007fdb087a6000,0x00007fdb088a7000)]
  0x00007fdad4009000 JavaThread "Daemon worker" [_thread_blocked, id=17568, stack(0x00007fdb088a7000,0x00007fdb089a8000)]
  0x00007fdad4007000 JavaThread "Cancel handler" [_thread_blocked, id=17567, stack(0x00007fdb089a8000,0x00007fdb08aa9000)]
  0x00007fdad4004000 JavaThread "Handler for socket connection from /127.0.0.1:35807 to /127.0.0.1:48658" [_thread_in_native, id=17566, stack(0x00007fdb08ca9000,0x00007fdb08daa000)]
  0x00007fdadc01f000 JavaThread "Daemon" [_thread_blocked, id=17565, stack(0x00007fdb08daa000,0x00007fdb08eab000)]
  0x00007fdb2d288800 JavaThread "Daemon periodic checks" [_thread_blocked, id=17564, stack(0x00007fdb08eab000,0x00007fdb08fac000)]
  0x00007fdb2d265000 JavaThread "Incoming local TCP Connector on port 35807" [_thread_in_native, id=17560, stack(0x00007fdb08fb3000,0x00007fdb090b4000)]
  0x00007fdb2d205800 JavaThread "Daemon health stats" [_thread_blocked, id=17559, stack(0x00007fdb090b9000,0x00007fdb091ba000)]
  0x00007fdb2c0c3000 JavaThread "Service Thread" daemon [_thread_blocked, id=17557, stack(0x00007fdb09f59000,0x00007fdb0a05a000)]
  0x00007fdb2c0c0000 JavaThread "C1 CompilerThread2" daemon [_thread_blocked, id=17556, stack(0x00007fdb0a05b000,0x00007fdb0a15b000)]
  0x00007fdb2c0be000 JavaThread "C2 CompilerThread1" daemon [_thread_blocked, id=17555, stack(0x00007fdb0a15c000,0x00007fdb0a25c000)]
  0x00007fdb2c0bb800 JavaThread "C2 CompilerThread0" daemon [_thread_blocked, id=17554, stack(0x00007fdb0a25d000,0x00007fdb0a35d000)]
  0x00007fdb2c0b9800 JavaThread "Signal Dispatcher" daemon [_thread_blocked, id=17553, stack(0x00007fdb0a35d000,0x00007fdb0a45e000)]
  0x00007fdb2c088000 JavaThread "Finalizer" daemon [_thread_blocked, id=17552, stack(0x00007fdb0afae000,0x00007fdb0b0af000)]
  0x00007fdb2c083800 JavaThread "Reference Handler" daemon [_thread_blocked, id=17551, stack(0x00007fdb0b0af000,0x00007fdb0b1b0000)]
  0x00007fdb2c00c000 JavaThread "main" [_thread_blocked, id=17544, stack(0x00007fdb333f7000,0x00007fdb334f7000)]

Other Threads:
=>0x00007fdb2c079800 VMThread [stack: 0x00007fdb0b1b1000,0x00007fdb0b2b1000] [id=17550]
  0x00007fdb2c0c5800 WatcherThread [stack: 0x00007fdb09e59000,0x00007fdb09f59000] [id=17558]

VM state:at safepoint (normal execution)

VM Mutex/Monitor currently owned by a thread:  ([mutex/lock_event])
[0x00007fdb2c0083e0] Threads_lock - owner thread: 0x00007fdb2c079800
[0x00007fdb2c0088e0] Heap_lock - owner thread: 0x00007fdad4009000

heap address: 0x0000000080000000, size: 2048 MB, Compressed Oops mode: 32-bit
Narrow klass base: 0x0000000000000000, Narrow klass shift: 3
Compressed class space size: 1073741824 Address: 0x0000000100000000

Heap:
 PSYoungGen      total 129536K, used 8700K [0x00000000d5580000, 0x00000000ddc80000, 0x0000000100000000)
  eden space 120832K, 0% used [0x00000000d5580000,0x00000000d5580000,0x00000000dcb80000)
  from space 8704K, 99% used [0x00000000dcb80000,0x00000000dd3ff348,0x00000000dd400000)
  to   space 8192K, 0% used [0x00000000dd480000,0x00000000dd480000,0x00000000ddc80000)
 ParOldGen       total 29696K, used 11249K [0x0000000080000000, 0x0000000081d00000, 0x00000000d5580000)
  object space 29696K, 37% used [0x0000000080000000,0x0000000080afc410,0x0000000081d00000)
 Metaspace       used 32394K, capacity 33404K, committed 33712K, reserved 1079296K
  class space    used 4414K, capacity 4686K, committed 4784K, reserved 1048576K

Card table byte_map: [0x00007fdb30807000,0x00007fdb30c08000] byte_map_base: 0x00007fdb30407000

Marking Bits: (ParMarkBitMap*) 0x00007fdb32ac57e0
 Begin Bits: [0x00007fdb19000000, 0x00007fdb1b000000)
 End Bits:   [0x00007fdb1b000000, 0x00007fdb1d000000)

Polling page: 0x00007fdb3351e000

CodeCache: size=245760Kb used=9340Kb max_used=9340Kb free=236419Kb
 bounds [0x00007fdb1d000000, 0x00007fdb1d930000, 0x00007fdb2c000000]
 total_blobs=3115 nmethods=2441 adapters=588
 compilation: enabled

Compilation events (10 events):
Event: 5,982 Thread 0x00007fdb2c0c0000 2441       3       java.beans.MethodDescriptor::<init> (48 bytes)
Event: 5,983 Thread 0x00007fdb2c0c0000 nmethod 2441 0x00007fdb1d91e990 code [0x00007fdb1d91eb60, 0x00007fdb1d91f2d8]
Event: 5,983 Thread 0x00007fdb2c0c0000 2442  s    3       java.beans.MethodDescriptor::setMethod (41 bytes)
Event: 5,985 Thread 0x00007fdb2c0c0000 nmethod 2442 0x00007fdb1d91f550 code [0x00007fdb1d91f860, 0x00007fdb1d921208]
Event: 5,992 Thread 0x00007fdb2c0c0000 2446       3       org.codehaus.groovy.reflection.CachedClass::isAssignableFrom (21 bytes)
Event: 5,992 Thread 0x00007fdb2c0c0000 nmethod 2446 0x00007fdb1d921f90 code [0x00007fdb1d922120, 0x00007fdb1d922508]
Event: 5,992 Thread 0x00007fdb2c0c0000 2447       3       java.util.Arrays$ArrayList::toArray (11 bytes)
Event: 5,992 Thread 0x00007fdb2c0c0000 nmethod 2447 0x00007fdb1d922610 code [0x00007fdb1d922780, 0x00007fdb1d922a88]
Event: 5,995 Thread 0x00007fdb2c0c0000 2448       3       java.lang.Class::getMethods (17 bytes)
Event: 5,996 Thread 0x00007fdb2c0c0000 nmethod 2448 0x00007fdb1d922b50 code [0x00007fdb1d922ce0, 0x00007fdb1d922f18]

GC Heap History (10 events):
Event: 2,053 GC heap after
Heap after GC invocations=5 (full 0):
 PSYoungGen      total 33280K, used 2528K [0x00000000d5580000, 0x00000000d9d80000, 0x0000000100000000)
  eden space 30720K, 0% used [0x00000000d5580000,0x00000000d5580000,0x00000000d7380000)
  from space 2560K, 98% used [0x00000000d7380000,0x00000000d75f8020,0x00000000d7600000)
  to   space 6144K, 0% used [0x00000000d9780000,0x00000000d9780000,0x00000000d9d80000)
 ParOldGen       total 40960K, used 5743K [0x0000000080000000, 0x0000000082800000, 0x00000000d5580000)
  object space 40960K, 14% used [0x0000000080000000,0x000000008059bdd0,0x0000000082800000)
 Metaspace       used 12355K, capacity 12774K, committed 12928K, reserved 1060864K
  class space    used 1680K, capacity 1815K, committed 1920K, reserved 1048576K
}
Event: 2,762 GC heap before
{Heap before GC invocations=6 (full 0):
 PSYoungGen      total 33280K, used 33248K [0x00000000d5580000, 0x00000000d9d80000, 0x0000000100000000)
  eden space 30720K, 100% used [0x00000000d5580000,0x00000000d7380000,0x00000000d7380000)
  from space 2560K, 98% used [0x00000000d7380000,0x00000000d75f8020,0x00000000d7600000)
  to   space 6144K, 0% used [0x00000000d9780000,0x00000000d9780000,0x00000000d9d80000)
 ParOldGen       total 40960K, used 5743K [0x0000000080000000, 0x0000000082800000, 0x00000000d5580000)
  object space 40960K, 14% used [0x0000000080000000,0x000000008059bdd0,0x0000000082800000)
 Metaspace       used 15811K, capacity 16384K, committed 16640K, reserved 1062912K
  class space    used 2091K, capacity 2268K, committed 2304K, reserved 1048576K
Event: 2,771 GC heap after
Heap after GC invocations=6 (full 0):
 PSYoungGen      total 66560K, used 5830K [0x00000000d5580000, 0x00000000d9f80000, 0x0000000100000000)
  eden space 60416K, 0% used [0x00000000d5580000,0x00000000d5580000,0x00000000d9080000)
  from space 6144K, 94% used [0x00000000d9780000,0x00000000d9d31920,0x00000000d9d80000)
  to   space 7168K, 0% used [0x00000000d9080000,0x00000000d9080000,0x00000000d9780000)
 ParOldGen       total 40960K, used 5751K [0x0000000080000000, 0x0000000082800000, 0x00000000d5580000)
  object space 40960K, 14% used [0x0000000080000000,0x000000008059ddd0,0x0000000082800000)
 Metaspace       used 15811K, capacity 16384K, committed 16640K, reserved 1062912K
  class space    used 2091K, capacity 2268K, committed 2304K, reserved 1048576K
}
Event: 3,833 GC heap before
{Heap before GC invocations=7 (full 0):
 PSYoungGen      total 66560K, used 66246K [0x00000000d5580000, 0x00000000d9f80000, 0x0000000100000000)
  eden space 60416K, 100% used [0x00000000d5580000,0x00000000d9080000,0x00000000d9080000)
  from space 6144K, 94% used [0x00000000d9780000,0x00000000d9d31920,0x00000000d9d80000)
  to   space 7168K, 0% used [0x00000000d9080000,0x00000000d9080000,0x00000000d9780000)
 ParOldGen       total 40960K, used 5751K [0x0000000080000000, 0x0000000082800000, 0x00000000d5580000)
  object space 40960K, 14% used [0x0000000080000000,0x000000008059ddd0,0x0000000082800000)
 Metaspace       used 20160K, capacity 20756K, committed 20992K, reserved 1067008K
  class space    used 2817K, capacity 3010K, committed 3072K, reserved 1048576K
Event: 3,853 GC heap after
Heap after GC invocations=7 (full 0):
 PSYoungGen      total 67584K, used 7166K [0x00000000d5580000, 0x00000000ddd80000, 0x0000000100000000)
  eden space 60416K, 0% used [0x00000000d5580000,0x00000000d5580000,0x00000000d9080000)
  from space 7168K, 99% used [0x00000000d9080000,0x00000000d977fb00,0x00000000d9780000)
  to   space 9216K, 0% used [0x00000000dd480000,0x00000000dd480000,0x00000000ddd80000)
 ParOldGen       total 40960K, used 7793K [0x0000000080000000, 0x0000000082800000, 0x00000000d5580000)
  object space 40960K, 19% used [0x0000000080000000,0x000000008079c5e0,0x0000000082800000)
 Metaspace       used 20160K, capacity 20756K, committed 20992K, reserved 1067008K
  class space    used 2817K, capacity 3010K, committed 3072K, reserved 1048576K
}
Event: 3,913 GC heap before
{Heap before GC invocations=8 (full 0):
 PSYoungGen      total 67584K, used 14128K [0x00000000d5580000, 0x00000000ddd80000, 0x0000000100000000)
  eden space 60416K, 11% used [0x00000000d5580000,0x00000000d5c4c5a0,0x00000000d9080000)
  from space 7168K, 99% used [0x00000000d9080000,0x00000000d977fb00,0x00000000d9780000)
  to   space 9216K, 0% used [0x00000000dd480000,0x00000000dd480000,0x00000000ddd80000)
 ParOldGen       total 40960K, used 7793K [0x0000000080000000, 0x0000000082800000, 0x00000000d5580000)
  object space 40960K, 19% used [0x0000000080000000,0x000000008079c5e0,0x0000000082800000)
 Metaspace       used 20582K, capacity 21204K, committed 21296K, reserved 1067008K
  class space    used 2884K, capacity 3074K, committed 3120K, reserved 1048576K
Event: 3,918 GC heap after
Heap after GC invocations=8 (full 0):
 PSYoungGen      total 129024K, used 3885K [0x00000000d5580000, 0x00000000ddc80000, 0x0000000100000000)
  eden space 120832K, 0% used [0x00000000d5580000,0x00000000d5580000,0x00000000dcb80000)
  from space 8192K, 47% used [0x00000000dd480000,0x00000000dd84b408,0x00000000ddc80000)
  to   space 8704K, 0% used [0x00000000dcb80000,0x00000000dcb80000,0x00000000dd400000)
 ParOldGen       total 40960K, used 8225K [0x0000000080000000, 0x0000000082800000, 0x00000000d5580000)
  object space 40960K, 20% used [0x0000000080000000,0x00000000808085e0,0x0000000082800000)
 Metaspace       used 20582K, capacity 21204K, committed 21296K, reserved 1067008K
  class space    used 2884K, capacity 3074K, committed 3120K, reserved 1048576K
}
Event: 3,918 GC heap before
{Heap before GC invocations=9 (full 1):
 PSYoungGen      total 129024K, used 3885K [0x00000000d5580000, 0x00000000ddc80000, 0x0000000100000000)
  eden space 120832K, 0% used [0x00000000d5580000,0x00000000d5580000,0x00000000dcb80000)
  from space 8192K, 47% used [0x00000000dd480000,0x00000000dd84b408,0x00000000ddc80000)
  to   space 8704K, 0% used [0x00000000dcb80000,0x00000000dcb80000,0x00000000dd400000)
 ParOldGen       total 40960K, used 8225K [0x0000000080000000, 0x0000000082800000, 0x00000000d5580000)
  object space 40960K, 20% used [0x0000000080000000,0x00000000808085e0,0x0000000082800000)
 Metaspace       used 20582K, capacity 21204K, committed 21296K, reserved 1067008K
  class space    used 2884K, capacity 3074K, committed 3120K, reserved 1048576K
Event: 3,960 GC heap after
Heap after GC invocations=9 (full 1):
 PSYoungGen      total 129024K, used 0K [0x00000000d5580000, 0x00000000ddc80000, 0x0000000100000000)
  eden space 120832K, 0% used [0x00000000d5580000,0x00000000d5580000,0x00000000dcb80000)
  from space 8192K, 0% used [0x00000000dd480000,0x00000000dd480000,0x00000000ddc80000)
  to   space 8704K, 0% used [0x00000000dcb80000,0x00000000dcb80000,0x00000000dd400000)
 ParOldGen       total 29696K, used 6905K [0x0000000080000000, 0x0000000081d00000, 0x00000000d5580000)
  object space 29696K, 23% used [0x0000000080000000,0x00000000806be760,0x0000000081d00000)
 Metaspace       used 20582K, capacity 21204K, committed 21296K, reserved 1067008K
  class space    used 2884K, capacity 3074K, committed 3120K, reserved 1048576K
}
Event: 6,010 GC heap before
{Heap before GC invocations=10 (full 1):
 PSYoungGen      total 129024K, used 120832K [0x00000000d5580000, 0x00000000ddc80000, 0x0000000100000000)
  eden space 120832K, 100% used [0x00000000d5580000,0x00000000dcb80000,0x00000000dcb80000)
  from space 8192K, 0% used [0x00000000dd480000,0x00000000dd480000,0x00000000ddc80000)
  to   space 8704K, 0% used [0x00000000dcb80000,0x00000000dcb80000,0x00000000dd400000)
 ParOldGen       total 29696K, used 6905K [0x0000000080000000, 0x0000000081d00000, 0x00000000d5580000)
  object space 29696K, 23% used [0x0000000080000000,0x00000000806be760,0x0000000081d00000)
 Metaspace       used 32394K, capacity 33404K, committed 33712K, reserved 1079296K
  class space    used 4414K, capacity 4686K, committed 4784K, reserved 1048576K

Deoptimization events (10 events):
Event: 3,906 Thread 0x00007fdad4009000 Uncommon trap: reason=unstable_if action=reinterpret pc=0x00007fdb1d543268 method=java.util.HashMap.hash(Ljava/lang/Object;)I @ 1
Event: 3,972 Thread 0x00007fdad4009000 Uncommon trap: reason=unstable_if action=reinterpret pc=0x00007fdb1d53e9b8 method=jdk.internal.org.objectweb.asm.Type.getArgumentsAndReturnSizes(Ljava/lang/String;)I @ 88
Event: 4,066 Thread 0x00007fdad4009000 Uncommon trap: reason=unstable_if action=reinterpret pc=0x00007fdb1d2d8284 method=java.io.UnixFileSystem.resolve(Ljava/lang/String;Ljava/lang/String;)Ljava/lang/String; @ 18
Event: 4,383 Thread 0x00007fdad4009000 Uncommon trap: reason=unstable_if action=reinterpret pc=0x00007fdb1d404508 method=java.util.HashMap.putVal(ILjava/lang/Object;Ljava/lang/Object;ZZ)Ljava/lang/Object; @ 162
Event: 4,926 Thread 0x00007fdad4009000 Uncommon trap: reason=unstable_if action=reinterpret pc=0x00007fdb1d45ab7c method=java.lang.ClassLoader.getClassLoadingLock(Ljava/lang/String;)Ljava/lang/Object; @ 6
Event: 5,541 Thread 0x00007fdad4009000 Uncommon trap: reason=unstable_if action=reinterpret pc=0x00007fdb1d542e14 method=java.util.HashMap.getNode(ILjava/lang/Object;)Ljava/util/HashMap$Node; @ 53
Event: 5,541 Thread 0x00007fdad4009000 Uncommon trap: reason=unstable_if action=reinterpret pc=0x00007fdb1d371db0 method=java.util.HashMap.hash(Ljava/lang/Object;)I @ 1
Event: 5,746 Thread 0x00007fdad4009000 Uncommon trap: reason=unstable_if action=reinterpret pc=0x00007fdb1d744570 method=org.gradle.internal.reflect.PropertyAccessorType.isGetGetterName(Ljava/lang/String;)Z @ 14
Event: 5,776 Thread 0x00007fdad4009000 Uncommon trap: reason=unstable_if action=reinterpret pc=0x00007fdb1d6511cc method=org.objectweb.asm.ByteVector.putShort(I)Lorg/objectweb/asm/ByteVector; @ 13
Event: 5,883 Thread 0x00007fdad4009000 Uncommon trap: reason=unstable_if action=reinterpret pc=0x00007fdb1d888408 method=java.net.URLClassLoader.defineClass(Ljava/lang/String;Lsun/misc/Resource;)Ljava/lang/Class; @ 21

Classes redefined (0 events):
No events

Internal exceptions (10 events):
Event: 5,895 Thread 0x00007fdad4009000 Exception <a 'java/lang/ClassNotFoundException': org/gradle/api/internal/project/ProjectScriptCustomizer> (0x00000000dc34ded8) thrown at [/buildbot/src/googleplex-android/openjdk/out/hotspot/src/share/vm/classfile/systemDictionary.cpp, line 210]
Event: 5,896 Thread 0x00007fdad4009000 Exception <a 'java/lang/ClassNotFoundException': build_1j25e1vmd81apn2r64zkqwqv8Customizer> (0x00000000dc36e890) thrown at [/buildbot/src/googleplex-android/openjdk/out/hotspot/src/share/vm/classfile/systemDictionary.cpp, line 210]
Event: 5,903 Thread 0x00007fdad4009000 Exception <a 'java/lang/ClassNotFoundException': groovy/lang/Closure$1BeanInfo> (0x00000000dc3ce9e8) thrown at [/buildbot/src/googleplex-android/openjdk/out/hotspot/src/share/vm/classfile/systemDictionary.cpp, line 210]
Event: 5,904 Thread 0x00007fdad4009000 Exception <a 'java/lang/ClassNotFoundException': groovy/lang/ClosureBeanInfo> (0x00000000dc3ee038) thrown at [/buildbot/src/googleplex-android/openjdk/out/hotspot/src/share/vm/classfile/systemDictionary.cpp, line 210]
Event: 5,905 Thread 0x00007fdad4009000 Exception <a 'java/lang/ClassNotFoundException': groovy/lang/ClosureCustomizer> (0x00000000dc40e038) thrown at [/buildbot/src/googleplex-android/openjdk/out/hotspot/src/share/vm/classfile/systemDictionary.cpp, line 210]
Event: 5,911 Thread 0x00007fdad4009000 Exception <a 'java/lang/ClassNotFoundException': groovy/lang/Closure$1Customizer> (0x00000000dc4540c0) thrown at [/buildbot/src/googleplex-android/openjdk/out/hotspot/src/share/vm/classfile/systemDictionary.cpp, line 210]
Event: 5,970 Thread 0x00007fdad4009000 Exception <a 'java/lang/ClassNotFoundException': org/gradle/internal/metaobject/ConfigureDelegateBeanInfo> (0x00000000dc673b28) thrown at [/buildbot/src/googleplex-android/openjdk/out/hotspot/src/share/vm/classfile/systemDictionary.cpp, line 210]
Event: 5,971 Thread 0x00007fdad4009000 Exception <a 'java/lang/ClassNotFoundException': org/gradle/internal/metaobject/ConfigureDelegateCustomizer> (0x00000000dc6a2170) thrown at [/buildbot/src/googleplex-android/openjdk/out/hotspot/src/share/vm/classfile/systemDictionary.cpp, line 210]
Event: 5,976 Thread 0x00007fdad4009000 Exception <a 'java/lang/ClassNotFoundException': org/gradle/api/internal/initialization/DefaultScriptHandlerBeanInfo> (0x00000000dc71c200) thrown at [/buildbot/src/googleplex-android/openjdk/out/hotspot/src/share/vm/classfile/systemDictionary.cpp, line 21
Event: 5,978 Thread 0x00007fdad4009000 Exception <a 'java/lang/ClassNotFoundException': org/gradle/api/internal/initialization/DefaultScriptHandlerCustomizer> (0x00000000dc752330) thrown at [/buildbot/src/googleplex-android/openjdk/out/hotspot/src/share/vm/classfile/systemDictionary.cpp, line 

Events (10 events):
Event: 5,979 loading class groovy/runtime/metaclass/org/gradle/api/internal/artifacts/dsl/DefaultRepositoryHandler_DecoratedMetaClass done
Event: 5,999 Executing VM operation: BulkRevokeBias
Event: 6,003 Executing VM operation: BulkRevokeBias done
Event: 6,006 loading class org/gradle/api/internal/artifacts/dsl/DefaultRepositoryHandler_DecoratedBeanInfo
Event: 6,006 loading class org/gradle/api/internal/artifacts/dsl/DefaultRepositoryHandler_DecoratedBeanInfo done
Event: 6,007 loading class org/gradle/api/internal/artifacts/dsl/DefaultRepositoryHandler_DecoratedBeanInfo
Event: 6,007 loading class org/gradle/api/internal/artifacts/dsl/DefaultRepositoryHandler_DecoratedBeanInfo done
Event: 6,007 loading class org/gradle/api/internal/artifacts/dsl/DefaultRepositoryHandler_DecoratedBeanInfo
Event: 6,007 loading class org/gradle/api/internal/artifacts/dsl/DefaultRepositoryHandler_DecoratedBeanInfo done
Event: 6,009 Executing VM operation: ParallelGCFailedAllocation


Dynamic libraries:
00400000-00401000 r-xp 00000000 08:02 4479787                            /home/elise/Downloads/android-studio-ide-201.6953283-linux/android-studio/jre/bin/java
00401000-00402000 r--p 00000000 08:02 4479787                            /home/elise/Downloads/android-studio-ide-201.6953283-linux/android-studio/jre/bin/java
00402000-00403000 rw-p 00001000 08:02 4479787                            /home/elise/Downloads/android-studio-ide-201.6953283-linux/android-studio/jre/bin/java
016ad000-016ce000 rw-p 00000000 00:00 0                                  [heap]
80000000-81d00000 rw-p 00000000 00:00 0 
81d00000-d5580000 ---p 00000000 00:00 0 
d5580000-ddc80000 rw-p 00000000 00:00 0 
e1680000-100000000 ---p 00000000 00:00 0 
100000000-1004ac000 rw-p 00000000 00:00 0 
1004ac000-140000000 ---p 00000000 00:00 0 
7fda94000000-7fda94021000 rw-p 00000000 00:00 0 
7fda94021000-7fda98000000 ---p 00000000 00:00 0 
7fda9c000000-7fda9c021000 rw-p 00000000 00:00 0 
7fda9c021000-7fdaa0000000 ---p 00000000 00:00 0 
7fdaa0000000-7fdaa0021000 rw-p 00000000 00:00 0 
7fdaa0021000-7fdaa4000000 ---p 00000000 00:00 0 
7fdaa4000000-7fdaa4021000 rw-p 00000000 00:00 0 
7fdaa4021000-7fdaa8000000 ---p 00000000 00:00 0 
7fdaa8000000-7fdaa8021000 rw-p 00000000 00:00 0 
7fdaa8021000-7fdaac000000 ---p 00000000 00:00 0 
7fdaae8f9000-7fdaae939000 rw-p 00000000 00:00 0 
7fdaae939000-7fdaaeaf9000 ---p 00000000 00:00 0 
7fdaaeaf9000-7fdaaecf9000 rw-p 00000000 00:00 0 
7fdaaecf9000-7fdaaecfc000 ---p 00000000 00:00 0 
7fdaaecfc000-7fdaaedfa000 rw-p 00000000 00:00 0 
7fdaaedfa000-7fdaaedfd000 ---p 00000000 00:00 0 
7fdaaedfd000-7fdaaf0fb000 rw-p 00000000 00:00 0 
7fdaaf0fb000-7fdaaf2fb000 rw-p 00000000 00:00 0 
7fdaaf2fb000-7fdaaf4fb000 rw-p 00000000 00:00 0 
7fdaaf4fb000-7fdaaf4fe000 ---p 00000000 00:00 0 
7fdaaf4fe000-7fdaaf5fc000 rw-p 00000000 00:00 0 
7fdaaf5fc000-7fdaaf5ff000 ---p 00000000 00:00 0 
7fdaaf5ff000-7fdaaf6fd000 rw-p 00000000 00:00 0 
7fdaaf6fd000-7fdaaf700000 ---p 00000000 00:00 0 
7fdaaf700000-7fdaaf9fe000 rw-p 00000000 00:00 0 
7fdaaf9fe000-7fdaafa01000 ---p 00000000 00:00 0 
7fdaafa01000-7fdaafaff000 rw-p 00000000 00:00 0 
7fdaafaff000-7fdaafb02000 ---p 00000000 00:00 0 
7fdaafb02000-7fdaafe00000 rw-p 00000000 00:00 0 
7fdaafe00000-7fdab0000000 rw-p 00000000 00:00 0 
7fdab0000000-7fdab0021000 rw-p 00000000 00:00 0 
7fdab0021000-7fdab4000000 ---p 00000000 00:00 0 
7fdab4000000-7fdab4021000 rw-p 00000000 00:00 0 
7fdab4021000-7fdab8000000 ---p 00000000 00:00 0 
7fdab8000000-7fdab8021000 rw-p 00000000 00:00 0 
7fdab8021000-7fdabc000000 ---p 00000000 00:00 0 
7fdabc000000-7fdabc021000 rw-p 00000000 00:00 0 
7fdabc021000-7fdac0000000 ---p 00000000 00:00 0 
7fdac0000000-7fdac125e000 rw-p 00000000 00:00 0 
7fdac125e000-7fdac4000000 ---p 00000000 00:00 0 
7fdac4000000-7fdac43e0000 rw-p 00000000 00:00 0 
7fdac43e0000-7fdac8000000 ---p 00000000 00:00 0 
7fdac8000000-7fdac8021000 rw-p 00000000 00:00 0 
7fdac8021000-7fdacc000000 ---p 00000000 00:00 0 
7fdacc000000-7fdacc021000 rw-p 00000000 00:00 0 
7fdacc021000-7fdad0000000 ---p 00000000 00:00 0 
7fdad0000000-7fdad0021000 rw-p 00000000 00:00 0 
7fdad0021000-7fdad4000000 ---p 00000000 00:00 0 
7fdad4000000-7fdad4021000 rw-p 00000000 00:00 0 
7fdad4021000-7fdad8000000 ---p 00000000 00:00 0 
7fdad8000000-7fdad8021000 rw-p 00000000 00:00 0 
7fdad8021000-7fdadc000000 ---p 00000000 00:00 0 
7fdadc000000-7fdadc05c000 rw-p 00000000 00:00 0 
7fdadc05c000-7fdae0000000 ---p 00000000 00:00 0 
7fdae0000000-7fdae0021000 rw-p 00000000 00:00 0 
7fdae0021000-7fdae4000000 ---p 00000000 00:00 0 
7fdae4000000-7fdae4021000 rw-p 00000000 00:00 0 
7fdae4021000-7fdae8000000 ---p 00000000 00:00 0 
7fdae8000000-7fdae9ce4000 rw-p 00000000 00:00 0 
7fdae9ce4000-7fdaec000000 ---p 00000000 00:00 0 
7fdaec000000-7fdaec974000 rw-p 00000000 00:00 0 
7fdaec974000-7fdaf0000000 ---p 00000000 00:00 0 
7fdaf0000000-7fdaf0021000 rw-p 00000000 00:00 0 
7fdaf0021000-7fdaf4000000 ---p 00000000 00:00 0 
7fdaf4000000-7fdaf5c7e000 rw-p 00000000 00:00 0 
7fdaf5c7e000-7fdaf8000000 ---p 00000000 00:00 0 
7fdaf8000000-7fdaf8021000 rw-p 00000000 00:00 0 
7fdaf8021000-7fdafc000000 ---p 00000000 00:00 0 
7fdafc000000-7fdafc021000 rw-p 00000000 00:00 0 
7fdafc021000-7fdb00000000 ---p 00000000 00:00 0 
7fdb00000000-7fdb002bb000 rw-p 00000000 00:00 0 
7fdb002bb000-7fdb04000000 ---p 00000000 00:00 0 
7fdb04000000-7fdb04021000 rw-p 00000000 00:00 0 
7fdb04021000-7fdb08000000 ---p 00000000 00:00 0 
7fdb08025000-7fdb08026000 r--s 00003000 08:02 6554684                    /root/.gradle/caches/jars-8/b990b8f267b56d6d1bbbe23ea1a00700/cp_proj.jar
7fdb08026000-7fdb08027000 r--s 00000000 08:02 6554683                    /root/.gradle/caches/jars-8/096fc3378211c2f292eba34bf823b48a/settings.jar
7fdb08027000-7fdb080a1000 r--s 01104000 08:02 4479742                    /home/elise/Downloads/android-studio-ide-201.6953283-linux/android-studio/jre/lib/tools.jar
7fdb080a1000-7fdb080a4000 ---p 00000000 00:00 0 
7fdb080a4000-7fdb081a2000 rw-p 00000000 00:00 0 
7fdb081a2000-7fdb081a5000 ---p 00000000 00:00 0 
7fdb081a5000-7fdb082a3000 rw-p 00000000 00:00 0 
7fdb082a3000-7fdb082a6000 ---p 00000000 00:00 0 
7fdb082a6000-7fdb085a4000 rw-p 00000000 00:00 0 
7fdb085a4000-7fdb085a7000 ---p 00000000 00:00 0 
7fdb085a7000-7fdb086a5000 rw-p 00000000 00:00 0 
7fdb086a5000-7fdb086a8000 ---p 00000000 00:00 0 
7fdb086a8000-7fdb087a6000 rw-p 00000000 00:00 0 
7fdb087a6000-7fdb087a9000 ---p 00000000 00:00 0 
7fdb087a9000-7fdb088a7000 rw-p 00000000 00:00 0 
7fdb088a7000-7fdb088aa000 ---p 00000000 00:00 0 
7fdb088aa000-7fdb089a8000 rw-p 00000000 00:00 0 
7fdb089a8000-7fdb089ab000 ---p 00000000 00:00 0 
7fdb089ab000-7fdb08ca9000 rw-p 00000000 00:00 0 
7fdb08ca9000-7fdb08cac000 ---p 00000000 00:00 0 
7fdb08cac000-7fdb08daa000 rw-p 00000000 00:00 0 
7fdb08daa000-7fdb08dad000 ---p 00000000 00:00 0 
7fdb08dad000-7fdb08eab000 rw-p 00000000 00:00 0 
7fdb08eab000-7fdb08eae000 ---p 00000000 00:00 0 
7fdb08eae000-7fdb08fac000 rw-p 00000000 00:00 0 
7fdb08fac000-7fdb08fb3000 r--s 00000000 08:02 794118                     /usr/lib/x86_64-linux-gnu/gconv/gconv-modules.cache
7fdb08fb3000-7fdb08fb6000 ---p 00000000 00:00 0 
7fdb08fb6000-7fdb090b4000 rw-p 00000000 00:00 0 
7fdb090b4000-7fdb090b9000 r--s 000a3000 08:02 4595059                    /home/elise/Downloads/android-studio-ide-201.6953283-linux/android-studio/jre/jre/lib/jsse.jar
7fdb090b9000-7fdb090bc000 ---p 00000000 00:00 0 
7fdb090bc000-7fdb093ba000 rw-p 00000000 00:00 0 
7fdb093ba000-7fdb093c2000 r-xp 00000000 08:02 4595152                    /home/elise/Downloads/android-studio-ide-201.6953283-linux/android-studio/jre/jre/lib/amd64/libmanagement.so
7fdb093c2000-7fdb093c3000 r--p 00007000 08:02 4595152                    /home/elise/Downloads/android-studio-ide-201.6953283-linux/android-studio/jre/jre/lib/amd64/libmanagement.so
7fdb093c3000-7fdb093c4000 rw-p 00008000 08:02 4595152                    /home/elise/Downloads/android-studio-ide-201.6953283-linux/android-studio/jre/jre/lib/amd64/libmanagement.so
7fdb093c4000-7fdb093c6000 r--s 00010000 08:02 408840                     /root/.gradle/wrapper/dists/gradle-6.5-all/2oz4ud9k3tuxjg84bbf55q0tn/gradle-6.5/lib/plugins/gradle-tooling-api-builders-6.5.jar
7fdb093c6000-7fdb093da000 r--s 0014c000 08:02 408824                     /root/.gradle/wrapper/dists/gradle-6.5-all/2oz4ud9k3tuxjg84bbf55q0tn/gradle-6.5/lib/plugins/gradle-instant-execution-6.5.jar
7fdb093da000-7fdb093db000 r--s 00005000 08:02 408816                     /root/.gradle/wrapper/dists/gradle-6.5-all/2oz4ud9k3tuxjg84bbf55q0tn/gradle-6.5/lib/plugins/gradle-build-profile-6.5.jar
7fdb093db000-7fdb093dd000 r--s 00003000 08:02 408820                     /root/.gradle/wrapper/dists/gradle-6.5-all/2oz4ud9k3tuxjg84bbf55q0tn/gradle-6.5/lib/plugins/gradle-tooling-native-6.5.jar
7fdb093dd000-7fdb093e1000 r--s 00017000 08:02 408825                     /root/.gradle/wrapper/dists/gradle-6.5-all/2oz4ud9k3tuxjg84bbf55q0tn/gradle-6.5/lib/plugins/gradle-testing-native-6.5.jar
7fdb093e1000-7fdb093e2000 r--s 00001000 08:02 408935                     /root/.gradle/wrapper/dists/gradle-6.5-all/2oz4ud9k3tuxjg84bbf55q0tn/gradle-6.5/lib/plugins/opentest4j-1.2.0.jar
7fdb093e2000-7fdb093e5000 r--s 0001b000 08:02 408907                     /root/.gradle/wrapper/dists/gradle-6.5-all/2oz4ud9k3tuxjg84bbf55q0tn/gradle-6.5/lib/plugins/junit-platform-launcher-1.6.0.jar
7fdb093e5000-7fdb093ea000 r--s 00026000 08:02 408905                     /root/.gradle/wrapper/dists/gradle-6.5-all/2oz4ud9k3tuxjg84bbf55q0tn/gradle-6.5/lib/plugins/junit-platform-engine-1.6.0.jar
7fdb093ea000-7fdb093ec000 r--s 00016000 08:02 408906                     /root/.gradle/wrapper/dists/gradle-6.5-all/2oz4ud9k3tuxjg84bbf55q0tn/gradle-6.5/lib/plugins/junit-platform-commons-1.6.0.jar
7fdb093ec000-7fdb093ed000 r--s 00000000 08:02 408934                     /root/.gradle/wrapper/dists/gradle-6.5-all/2oz4ud9k3tuxjg84bbf55q0tn/gradle-6.5/lib/plugins/apiguardian-api-1.1.0.jar
7fdb093ed000-7fdb093ee000 r--s 00003000 08:02 408839                     /root/.gradle/wrapper/dists/gradle-6.5-all/2oz4ud9k3tuxjg84bbf55q0tn/gradle-6.5/lib/plugins/gradle-testing-junit-platform-6.5.jar
7fdb093ee000-7fdb093f1000 r--s 00009000 08:02 408833                     /root/.gradle/wrapper/dists/gradle-6.5-all/2oz4ud9k3tuxjg84bbf55q0tn/gradle-6.5/lib/plugins/gradle-signing-6.5.jar
7fdb093f1000-7fdb093f3000 r--s 0000a000 08:02 408835                     /root/.gradle/wrapper/dists/gradle-6.5-all/2oz4ud9k3tuxjg84bbf55q0tn/gradle-6.5/lib/plugins/gradle-scala-6.5.jar
7fdb093f3000-7fdb093f4000 r--s 00004000 08:02 408859                     /root/.gradle/wrapper/dists/gradle-6.5-all/2oz4ud9k3tuxjg84bbf55q0tn/gradle-6.5/lib/plugins/gradle-resources-sftp-6.5.jar
7fdb093f4000-7fdb093f6000 r--s 00005000 08:02 408894                     /root/.gradle/wrapper/dists/gradle-6.5-all/2oz4ud9k3tuxjg84bbf55q0tn/gradle-6.5/lib/plugins/jmespath-java-1.11.633.jar
7fdb093f6000-7fdb09400000 r--s 00081000 08:02 408933                     /root/.gradle/wrapper/dists/gradle-6.5-all/2oz4ud9k3tuxjg84bbf55q0tn/gradle-6.5/lib/plugins/ion-java-1.0.2.jar
7fdb09400000-7fdb09417000 r--s 000e1000 08:02 408867                     /root/.gradle/wrapper/dists/gradle-6.5-all/2oz4ud9k3tuxjg84bbf55q0tn/gradle-6.5/lib/plugins/aws-java-sdk-s3-1.11.633.jar
7fdb09417000-7fdb09422000 r--s 00074000 08:02 408868                     /root/.gradle/wrapper/dists/gradle-6.5-all/2oz4ud9k3tuxjg84bbf55q0tn/gradle-6.5/lib/plugins/aws-java-sdk-kms-1.11.633.jar
7fdb09422000-7fdb09439000 r--s 000d5000 08:02 408869                     /root/.gradle/wrapper/dists/gradle-6.5-all/2oz4ud9k3tuxjg84bbf55q0tn/gradle-6.5/lib/plugins/aws-java-sdk-core-1.11.633.jar
7fdb09439000-7fdb0943b000 r--s 00004000 08:02 408856                     /root/.gradle/wrapper/dists/gradle-6.5-all/2oz4ud9k3tuxjg84bbf55q0tn/gradle-6.5/lib/plugins/gradle-resources-s3-6.5.jar
7fdb0943b000-7fdb0944b000 r--s 0008d000 08:02 408898                     /root/.gradle/wrapper/dists/gradle-6.5-all/2oz4ud9k3tuxjg84bbf55q0tn/gradle-6.5/lib/plugins/joda-time-2.10.4.jar
7fdb0944b000-7fdb09460000 r--s 00142000 08:02 408895                     /root/.gradle/wrapper/dists/gradle-6.5-all/2oz4ud9k3tuxjg84bbf55q0tn/gradle-6.5/lib/plugins/jackson-databind-2.10.2.jar
7fdb09460000-7fdb09465000 r--s 00051000 08:02 408896                     /root/.gradle/wrapper/dists/gradle-6.5-all/2oz4ud9k3tuxjg84bbf55q0tn/gradle-6.5/lib/plugins/jackson-core-2.10.2.jar
7fdb09465000-7fdb09468000 r--s 0000e000 08:02 408897                     /root/.gradle/wrapper/dists/gradle-6.5-all/2oz4ud9k3tuxjg84bbf55q0tn/gradle-6.5/lib/plugins/jackson-annotations-2.10.2.jar
7fdb09468000-7fdb0946b000 r--s 0000d000 08:02 408870                     /root/.gradle/wrapper/dists/gradle-6.5-all/2oz4ud9k3tuxjg84bbf55q0tn/gradle-6.5/lib/plugins/google-oauth-client-1.25.0.jar
7fdb0946b000-7fdb0946c000 r--s 00001000 08:02 408871                     /root/.gradle/wrapper/dists/gradle-6.5-all/2oz4ud9k3tuxjg84bbf55q0tn/gradle-6.5/lib/plugins/google-http-client-jackson2-1.25.0.jar
7fdb0946c000-7fdb09476000 r--s 00056000 08:02 408872                     /root/.gradle/wrapper/dists/gradle-6.5-all/2oz4ud9k3tuxjg84bbf55q0tn/gradle-6.5/lib/plugins/google-http-client-1.25.0.jar
7fdb09476000-7fdb0947a000 r--s 0001d000 08:02 408865                     /root/.gradle/wrapper/dists/gradle-6.5-all/2oz4ud9k3tuxjg84bbf55q0tn/gradle-6.5/lib/plugins/google-api-services-storage-v1-rev136-1.25.0.jar
7fdb0947a000-7fdb0947f000 r--s 0002d000 08:02 408866                     /root/.gradle/wrapper/dists/gradle-6.5-all/2oz4ud9k3tuxjg84bbf55q0tn/gradle-6.5/lib/plugins/google-api-client-1.25.0.jar
7fdb0947f000-7fdb09481000 r--s 00003000 08:02 408855                     /root/.gradle/wrapper/dists/gradle-6.5-all/2oz4ud9k3tuxjg84bbf55q0tn/gradle-6.5/lib/plugins/gradle-resources-gcs-6.5.jar
7fdb09481000-7fdb09488000 r--s 00030000 08:02 408831                     /root/.gradle/wrapper/dists/gradle-6.5-all/2oz4ud9k3tuxjg84bbf55q0tn/gradle-6.5/lib/plugins/gradle-platform-play-6.5.jar
7fdb09488000-7fdb0949a000 r--s 00078000 08:02 408845                     /root/.gradle/wrapper/dists/gradle-6.5-all/2oz4ud9k3tuxjg84bbf55q0tn/gradle-6.5/lib/plugins/gradle-platform-native-6.5.jar
7fdb0949a000-7fdb0949d000 r--s 0000f000 08:02 408838                     /root/.gradle/wrapper/dists/gradle-6.5-all/2oz4ud9k3tuxjg84bbf55q0tn/gradle-6.5/lib/plugins/gradle-language-scala-6.5.jar
7fdb0949d000-7fdb094a9000 r--s 00053000 08:02 408826                     /root/.gradle/wrapper/dists/gradle-6.5-all/2oz4ud9k3tuxjg84bbf55q0tn/gradle-6.5/lib/plugins/gradle-language-native-6.5.jar
7fdb094a9000-7fdb094b0000 r--s 00035000 08:02 408887                     /root/.gradle/wrapper/dists/gradle-6.5-all/2oz4ud9k3tuxjg84bbf55q0tn/gradle-6.5/lib/plugins/simple-4.1.21.jar
7fdb094b0000-7fdb094bd000 r--s 00125000 08:02 408886                     /root/.gradle/wrapper/dists/gradle-6.5-all/2oz4ud9k3tuxjg84bbf55q0tn/gradle-6.5/lib/plugins/rhino-1.7.10.jar
7fdb094bd000-7fdb094c1000 r--s 00012000 08:02 408832                     /root/.gradle/wrapper/dists/gradle-6.5-all/2oz4ud9k3tuxjg84bbf55q0tn/gradle-6.5/lib/plugins/gradle-javascript-6.5.jar
7fdb094c1000-7fdb094c4000 r--s 00011000 08:02 408830                     /root/.gradle/wrapper/dists/gradle-6.5-all/2oz4ud9k3tuxjg84bbf55q0tn/gradle-6.5/lib/plugins/gradle-jacoco-6.5.jar
7fdb094c4000-7fdb094c6000 r--s 00002000 08:02 408819                     /root/.gradle/wrapper/dists/gradle-6.5-all/2oz4ud9k3tuxjg84bbf55q0tn/gradle-6.5/lib/plugins/gradle-ide-play-6.5.jar
7fdb094c6000-7fdb094c8000 r--s 00011000 08:02 408885                     /root/.gradle/wrapper/dists/gradle-6.5-all/2oz4ud9k3tuxjg84bbf55q0tn/gradle-6.5/lib/plugins/dd-plist-1.21.jar
7fdb094c8000-7fdb094cf000 r--s 00035000 08:02 408818                     /root/.gradle/wrapper/dists/gradle-6.5-all/2oz4ud9k3tuxjg84bbf55q0tn/gradle-6.5/lib/plugins/gradle-ide-native-6.5.jar
7fdb094cf000-7fdb094da000 r--s 00064000 08:02 408821                     /root/.gradle/wrapper/dists/gradle-6.5-all/2oz4ud9k3tuxjg84bbf55q0tn/gradle-6.5/lib/plugins/gradle-ide-6.5.jar
7fdb094da000-7fdb094dc000 r--s 00007000 08:02 408822                     /root/.gradle/wrapper/dists/gradle-6.5-all/2oz4ud9k3tuxjg84bbf55q0tn/gradle-6.5/lib/plugins/gradle-ear-6.5.jar
7fdb094dc000-7fdb094df000 r--s 00019000 08:02 408817                     /root/.gradle/wrapper/dists/gradle-6.5-all/2oz4ud9k3tuxjg84bbf55q0tn/gradle-6.5/lib/plugins/gradle-code-quality-6.5.jar
7fdb094df000-7fdb094e1000 r--s 0000b000 08:02 408876                     /root/.gradle/wrapper/dists/gradle-6.5-all/2oz4ud9k3tuxjg84bbf55q0tn/gradle-6.5/lib/plugins/maven-plugin-api-3.0.5.jar
7fdb094e1000-7fdb094e7000 r--s 0003f000 08:02 408875                     /root/.gradle/wrapper/dists/gradle-6.5-all/2oz4ud9k3tuxjg84bbf55q0tn/gradle-6.5/lib/plugins/maven-compat-3.0.5.jar
7fdb094e7000-7fdb094f0000 r--s 0003b000 08:02 408815                     /root/.gradle/wrapper/dists/gradle-6.5-all/2oz4ud9k3tuxjg84bbf55q0tn/gradle-6.5/lib/plugins/gradle-build-init-6.5.jar
7fdb094f0000-7fdb094f1000 r--s 00003000 08:02 408814                     /root/.gradle/wrapper/dists/gradle-6.5-all/2oz4ud9k3tuxjg84bbf55q0tn/gradle-6.5/lib/plugins/gradle-build-cache-http-6.5.jar
7fdb094f1000-7fdb094f3000 r--s 00009000 08:02 408813                     /root/.gradle/wrapper/dists/gradle-6.5-all/2oz4ud9k3tuxjg84bbf55q0tn/gradle-6.5/lib/plugins/gradle-antlr-6.5.jar
7fdb094f3000-7fdb094f6000 r--s 0001c000 08:02 408823                     /root/.gradle/wrapper/dists/gradle-6.5-all/2oz4ud9k3tuxjg84bbf55q0tn/gradle-6.5/lib/plugins/gradle-kotlin-dsl-tooling-builders-6.5.jar
7fdb094f6000-7fdb094fa000 r--s 00021000 08:02 408932                     /root/.gradle/wrapper/dists/gradle-6.5-all/2oz4ud9k3tuxjg84bbf55q0tn/gradle-6.5/lib/plugins/xbean-reflect-3.7.jar
7fdb094fa000-7fdb094fc000 r--s 0000c000 08:02 408930                     /root/.gradle/wrapper/dists/gradle-6.5-all/2oz4ud9k3tuxjg84bbf55q0tn/gradle-6.5/lib/plugins/wagon-provider-api-3.0.0.jar
7fdb094fc000-7fdb094fd000 r--s 00008000 08:02 408864                     /root/.gradle/wrapper/dists/gradle-6.5-all/2oz4ud9k3tuxjg84bbf55q0tn/gradle-6.5/lib/plugins/wagon-http-shared-3.0.0.jar
7fdb094fd000-7fdb094fe000 r--s 00002000 08:02 408863                     /root/.gradle/wrapper/dists/gradle-6.5-all/2oz4ud9k3tuxjg84bbf55q0tn/gradle-6.5/lib/plugins/wagon-http-3.0.0.jar
7fdb094fe000-7fdb094ff000 r--s 00002000 08:02 408890                     /root/.gradle/wrapper/dists/gradle-6.5-all/2oz4ud9k3tuxjg84bbf55q0tn/gradle-6.5/lib/plugins/wagon-file-3.0.0.jar
7fdb094ff000-7fdb09502000 r--s 0000c000 08:02 408889                     /root/.gradle/wrapper/dists/gradle-6.5-all/2oz4ud9k3tuxjg84bbf55q0tn/gradle-6.5/lib/plugins/pmaven-groovy-0.8-20100325.jar
7fdb09502000-7fdb09503000 r--s 00004000 08:02 408888                     /root/.gradle/wrapper/dists/gradle-6.5-all/2oz4ud9k3tuxjg84bbf55q0tn/gradle-6.5/lib/plugins/pmaven-common-0.8-20100325.jar
7fdb09503000-7fdb0950a000 r--s 00032000 08:02 408874                     /root/.gradle/wrapper/dists/gradle-6.5-all/2oz4ud9k3tuxjg84bbf55q0tn/gradle-6.5/lib/plugins/plexus-container-default-1.7.1.jar
7fdb0950a000-7fdb0950d000 r--s 0000a000 08:02 408927                     /root/.gradle/wrapper/dists/gradle-6.5-all/2oz4ud9k3tuxjg84bbf55q0tn/gradle-6.5/lib/plugins/plexus-classworlds-2.5.1.jar
7fdb0950d000-7fdb0950f000 r--s 00006000 08:02 408891                     /root/.gradle/wrapper/dists/gradle-6.5-all/2oz4ud9k3tuxjg84bbf55q0tn/gradle-6.5/lib/plugins/aether-connector-wagon-1.13.1.jar
7fdb0950f000-7fdb09516000 r--s 00030000 08:02 408834                     /root/.gradle/wrapper/dists/gradle-6.5-all/2oz4ud9k3tuxjg84bbf55q0tn/gradle-6.5/lib/plugins/gradle-maven-6.5.jar
7fdb09516000-7fdb09518000 r--s 0000b000 08:02 408850                     /root/.gradle/wrapper/dists/gradle-6.5-all/2oz4ud9k3tuxjg84bbf55q0tn/gradle-6.5/lib/plugins/gradle-publish-6.5.jar
7fdb09518000-7fdb09521000 r--s 00089000 08:02 408892                     /root/.gradle/wrapper/dists/gradle-6.5-all/2oz4ud9k3tuxjg84bbf55q0tn/gradle-6.5/lib/plugins/testng-6.3.1.jar
7fdb09521000-7fdb09527000 r--s 0003d000 08:02 408893                     /root/.gradle/wrapper/dists/gradle-6.5-all/2oz4ud9k3tuxjg84bbf55q0tn/gradle-6.5/lib/plugins/snakeyaml-1.17.jar
7fdb09527000-7fdb09531000 r--s 00054000 08:02 408904                     /root/.gradle/wrapper/dists/gradle-6.5-all/2oz4ud9k3tuxjg84bbf55q0tn/gradle-6.5/lib/plugins/junit-4.13.jar
7fdb09531000-7fdb09533000 r--s 0000f000 08:02 408917                     /root/.gradle/wrapper/dists/gradle-6.5-all/2oz4ud9k3tuxjg84bbf55q0tn/gradle-6.5/lib/plugins/jcommander-1.72.jar
7fdb09533000-7fdb09535000 r--s 00009000 08:02 408915                     /root/.gradle/wrapper/dists/gradle-6.5-all/2oz4ud9k3tuxjg84bbf55q0tn/gradle-6.5/lib/plugins/hamcrest-core-1.3.jar
7fdb09535000-7fdb0953a000 r--s 0005a000 08:02 408908                     /root/.gradle/wrapper/dists/gradle-6.5-all/2oz4ud9k3tuxjg84bbf55q0tn/gradle-6.5/lib/plugins/bsh-2.0b6.jar
7fdb0953a000-7fdb0953e000 r--s 0001d000 08:02 408841                     /root/.gradle/wrapper/dists/gradle-6.5-all/2oz4ud9k3tuxjg84bbf55q0tn/gradle-6.5/lib/plugins/gradle-testing-jvm-6.5.jar
7fdb0953e000-7fdb09546000 r--s 00035000 08:02 408847                     /root/.gradle/wrapper/dists/gradle-6.5-all/2oz4ud9k3tuxjg84bbf55q0tn/gradle-6.5/lib/plugins/gradle-testing-base-6.5.jar
7fdb09546000-7fdb0954a000 r--s 0001d000 08:02 408844                     /root/.gradle/wrapper/dists/gradle-6.5-all/2oz4ud9k3tuxjg84bbf55q0tn/gradle-6.5/lib/plugins/gradle-platform-jvm-6.5.jar
7fdb0954a000-7fdb0954c000 r--s 00006000 08:02 408843                     /root/.gradle/wrapper/dists/gradle-6.5-all/2oz4ud9k3tuxjg84bbf55q0tn/gradle-6.5/lib/plugins/gradle-language-jvm-6.5.jar
7fdb0954c000-7fdb0954d000 r--s 00001000 08:02 408756                     /root/.gradle/wrapper/dists/gradle-6.5-all/2oz4ud9k3tuxjg84bbf55q0tn/gradle-6.5/lib/gradle-java-compiler-plugin-6.5.jar
7fdb0954d000-7fdb09556000 r--s 00047000 08:02 408842                     /root/.gradle/wrapper/dists/gradle-6.5-all/2oz4ud9k3tuxjg84bbf55q0tn/gradle-6.5/lib/plugins/gradle-language-java-6.5.jar
7fdb09556000-7fdb09558000 r--s 0000f000 08:02 408837                     /root/.gradle/wrapper/dists/gradle-6.5-all/2oz4ud9k3tuxjg84bbf55q0tn/gradle-6.5/lib/plugins/gradle-language-groovy-6.5.jar
7fdb09558000-7fdb0955b000 r--s 0000f000 08:02 408854                     /root/.gradle/wrapper/dists/gradle-6.5-all/2oz4ud9k3tuxjg84bbf55q0tn/gradle-6.5/lib/plugins/gradle-reporting-6.5.jar
7fdb0955b000-7fdb09562000 r--s 00029000 08:02 408848                     /root/.gradle/wrapper/dists/gradle-6.5-all/2oz4ud9k3tuxjg84bbf55q0tn/gradle-6.5/lib/plugins/gradle-platform-base-6.5.jar
7fdb09562000-7fdb09564000 r--s 00006000 08:02 408884                     /root/.gradle/wrapper/dists/gradle-6.5-all/2oz4ud9k3tuxjg84bbf55q0tn/gradle-6.5/lib/plugins/jatl-0.2.3.jar
7fdb09564000-7fdb0956a000 r--s 0003a000 08:02 408846                     /root/.gradle/wrapper/dists/gradle-6.5-all/2oz4ud9k3tuxjg84bbf55q0tn/gradle-6.5/lib/plugins/gradle-diagnostics-6.5.jar
7fdb0956a000-7fdb09570000 r--s 00042000 08:02 408836                     /root/.gradle/wrapper/dists/gradle-6.5-all/2oz4ud9k3tuxjg84bbf55q0tn/gradle-6.5/lib/plugins/gradle-plugins-6.5.jar
7fdb09570000-7fdb09573000 r--s 00015000 08:02 408829                     /root/.gradle/wrapper/dists/gradle-6.5-all/2oz4ud9k3tuxjg84bbf55q0tn/gradle-6.5/lib/plugins/gradle-ivy-6.5.jar
7fdb09573000-7fdb09576000 r--s 00012000 08:02 408828                     /root/.gradle/wrapper/dists/gradle-6.5-all/2oz4ud9k3tuxjg84bbf55q0tn/gradle-6.5/lib/plugins/gradle-plugin-development-6.5.jar
7fdb09576000-7fdb0957a000 r--s 00024000 08:02 408827                     /root/.gradle/wrapper/dists/gradle-6.5-all/2oz4ud9k3tuxjg84bbf55q0tn/gradle-6.5/lib/plugins/gradle-kotlin-dsl-provider-plugins-6.5.jar
7fdb0957a000-7fdb0957e000 r--s 0003c000 08:02 408931                     /root/.gradle/wrapper/dists/gradle-6.5-all/2oz4ud9k3tuxjg84bbf55q0tn/gradle-6.5/lib/plugins/plexus-utils-3.1.0.jar
7fdb0957e000-7fdb0957f000 r--s 00006000 08:02 408925                     /root/.gradle/wrapper/dists/gradle-6.5-all/2oz4ud9k3tuxjg84bbf55q0tn/gradle-6.5/lib/plugins/plexus-sec-dispatcher-1.3.jar
7fdb0957f000-7fdb09581000 r--s 0000d000 08:02 408929                     /root/.gradle/wrapper/dists/gradle-6.5-all/2oz4ud9k3tuxjg84bbf55q0tn/gradle-6.5/lib/plugins/plexus-interpolation-1.14.jar
7fdb09581000-7fdb09583000 r--s 00000000 08:02 408928                     /root/.gradle/wrapper/dists/gradle-6.5-all/2oz4ud9k3tuxjg84bbf55q0tn/gradle-6.5/lib/plugins/plexus-component-annotations-1.5.5.jar
7fdb09583000-7fdb09585000 r--s 00002000 08:02 408926                     /root/.gradle/wrapper/dists/gradle-6.5-all/2oz4ud9k3tuxjg84bbf55q0tn/gradle-6.5/lib/plugins/plexus-cipher-1.7.jar
7fdb09585000-7fdb09588000 r--s 00008000 08:02 408923                     /root/.gradle/wrapper/dists/gradle-6.5-all/2oz4ud9k3tuxjg84bbf55q0tn/gradle-6.5/lib/plugins/maven-settings-builder-3.0.5.jar
7fdb09588000-7fdb0958a000 r--s 0000a000 08:02 408924                     /root/.gradle/wrapper/dists/gradle-6.5-all/2oz4ud9k3tuxjg84bbf55q0tn/gradle-6.5/lib/plugins/maven-settings-3.0.5.jar
7fdb0958a000-7fdb0958c000 r--s 00006000 08:02 408922                     /root/.gradle/wrapper/dists/gradle-6.5-all/2oz4ud9k3tuxjg84bbf55q0tn/gradle-6.5/lib/plugins/maven-repository-metadata-3.0.5.jar
7fdb0958c000-7fdb09590000 r--s 00021000 08:02 408920                     /root/.gradle/wrapper/dists/gradle-6.5-all/2oz4ud9k3tuxjg84bbf55q0tn/gradle-6.5/lib/plugins/maven-model-builder-3.0.5.jar
7fdb09590000-7fdb09592000 r--s 00026000 08:02 408921                     /root/.gradle/wrapper/dists/gradle-6.5-all/2oz4ud9k3tuxjg84bbf55q0tn/gradle-6.5/lib/plugins/maven-model-3.0.5.jar
7fdb09592000-7fdb0959e000 r--s 0007d000 08:02 408880                     /root/.gradle/wrapper/dists/gradle-6.5-all/2oz4ud9k3tuxjg84bbf55q0tn/gradle-6.5/lib/plugins/maven-core-3.0.5.jar
7fdb0959e000-7fdb095a0000 r--s 0000b000 08:02 408919                     /root/.gradle/wrapper/dists/gradle-6.5-all/2oz4ud9k3tuxjg84bbf55q0tn/gradle-6.5/lib/plugins/maven-artifact-3.0.5.jar
7fdb095a0000-7fdb095a2000 r--s 0000c000 08:02 408910                     /root/.gradle/wrapper/dists/gradle-6.5-all/2oz4ud9k3tuxjg84bbf55q0tn/gradle-6.5/lib/plugins/maven-aether-provider-3.0.5.jar
7fdb095a2000-7fdb095b7000 r--s 00116000 08:02 408879                     /root/.gradle/wrapper/dists/gradle-6.5-all/2oz4ud9k3tuxjg84bbf55q0tn/gradle-6.5/lib/plugins/ivy-2.3.0.jar
7fdb095b7000-7fdb095bc000 r--s 00036000 08:02 408878                     /root/.gradle/wrapper/dists/gradle-6.5-all/2oz4ud9k3tuxjg84bbf55q0tn/gradle-6.5/lib/plugins/gson-2.8.5.jar
7fdb095bc000-7fdb095bd000 r--s 00014000 08:02 408877                     /root/.gradle/wrapper/dists/gradle-6.5-all/2oz4ud9k3tuxjg84bbf55q0tn/gradle-6.5/lib/plugins/asm-util-7.3.1.jar
7fdb095bd000-7fdb095c1000 r--s 0001c000 08:02 408912                     /root/.gradle/wrapper/dists/gradle-6.5-all/2oz4ud9k3tuxjg84bbf55q0tn/gradle-6.5/lib/plugins/aether-util-1.13.1.jar
7fdb095c1000-7fdb095c2000 r--s 00003000 08:02 408913                     /root/.gradle/wrapper/dists/gradle-6.5-all/2oz4ud9k3tuxjg84bbf55q0tn/gradle-6.5/lib/plugins/aether-spi-1.13.1.jar
7fdb095c2000-7fdb095c5000 r--s 0001d000 08:02 408911                     /root/.gradle/wrapper/dists/gradle-6.5-all/2oz4ud9k3tuxjg84bbf55q0tn/gradle-6.5/lib/plugins/aether-impl-1.13.1.jar
7fdb095c5000-7fdb095c8000 r--s 00013000 08:02 408914                     /root/.gradle/wrapper/dists/gradle-6.5-all/2oz4ud9k3tuxjg84bbf55q0tn/gradle-6.5/lib/plugins/aether-api-1.13.1.jar
7fdb095c8000-7fdb09602000 r--s 00231000 08:02 408852                     /root/.gradle/wrapper/dists/gradle-6.5-all/2oz4ud9k3tuxjg84bbf55q0tn/gradle-6.5/lib/plugins/gradle-dependency-management-6.5.jar
7fdb09602000-7fdb09603000 r--s 00000000 08:02 408758                     /root/.gradle/wrapper/dists/gradle-6.5-all/2oz4ud9k3tuxjg84bbf55q0tn/gradle-6.5/lib/gradle-runtime-api-info-6.5.jar
7fdb09603000-7fdb09606000 r--s 0000d000 08:02 408853                     /root/.gradle/wrapper/dists/gradle-6.5-all/2oz4ud9k3tuxjg84bbf55q0tn/gradle-6.5/lib/plugins/gradle-composite-builds-6.5.jar
7fdb09606000-7fdb0962b000 r--s 00281000 08:02 408862                     /root/.gradle/wrapper/dists/gradle-6.5-all/2oz4ud9k3tuxjg84bbf55q0tn/gradle-6.5/lib/plugins/org.eclipse.jgit-5.5.0.201909110433-r.jar
7fdb0962b000-7fdb0962d000 r--s 00010000 08:02 408918                     /root/.gradle/wrapper/dists/gradle-6.5-all/2oz4ud9k3tuxjg84bbf55q0tn/gradle-6.5/lib/plugins/jzlib-1.1.3.jar
7fdb0962d000-7fdb09631000 r--s 00041000 08:02 408903                     /root/.gradle/wrapper/dists/gradle-6.5-all/2oz4ud9k3tuxjg84bbf55q0tn/gradle-6.5/lib/plugins/jsch-0.1.55.jar
7fdb09631000-7fdb09645000 r--s 000c0000 08:02 408882                     /root/.gradle/wrapper/dists/gradle-6.5-all/2oz4ud9k3tuxjg84bbf55q0tn/gradle-6.5/lib/plugins/bcpkix-jdk15on-1.61.jar
7fdb09645000-7fdb09648000 r--s 0000c000 08:02 408851                     /root/.gradle/wrapper/dists/gradle-6.5-all/2oz4ud9k3tuxjg84bbf55q0tn/gradle-6.5/lib/plugins/gradle-version-control-6.5.jar
7fdb09648000-7fdb09649000 r--s 00000000 08:02 408755                     /root/.gradle/wrapper/dists/gradle-6.5-all/2oz4ud9k3tuxjg84bbf55q0tn/gradle-6.5/lib/gradle-installation-beacon-6.5.jar
7fdb09649000-7fdb096aa000 r--s 0042c000 08:02 408883                     /root/.gradle/wrapper/dists/gradle-6.5-all/2oz4ud9k3tuxjg84bbf55q0tn/gradle-6.5/lib/plugins/bcprov-jdk15on-1.64.jar
7fdb096aa000-7fdb096b2000 r--s 00049000 08:02 408881                     /root/.gradle/wrapper/dists/gradle-6.5-all/2oz4ud9k3tuxjg84bbf55q0tn/gradle-6.5/lib/plugins/bcpg-jdk15on-1.64.jar
7fdb096b2000-7fdb096b4000 r--s 00009000 08:02 408857                     /root/.gradle/wrapper/dists/gradle-6.5-all/2oz4ud9k3tuxjg84bbf55q0tn/gradle-6.5/lib/plugins/gradle-security-6.5.jar
7fdb096b4000-7fdb096cd000 r--s 0013a000 08:02 408901                     /root/.gradle/wrapper/dists/gradle-6.5-all/2oz4ud9k3tuxjg84bbf55q0tn/gradle-6.5/lib/plugins/xercesImpl-2.12.0.jar
7fdb096cd000-7fdb096cf000 r--s 0001d000 08:02 408900                     /root/.gradle/wrapper/dists/gradle-6.5-all/2oz4ud9k3tuxjg84bbf55q0tn/gradle-6.5/lib/plugins/nekohtml-1.9.22.jar
7fdb096cf000-7fdb096d5000 r--s 0005b000 08:02 408899                     /root/.gradle/wrapper/dists/gradle-6.5-all/2oz4ud9k3tuxjg84bbf55q0tn/gradle-6.5/lib/plugins/jcifs-1.3.17.jar
7fdb096d5000-7fdb096dd000 r--s 00049000 08:02 408916                     /root/.gradle/wrapper/dists/gradle-6.5-all/2oz4ud9k3tuxjg84bbf55q0tn/gradle-6.5/lib/plugins/httpcore-4.4.12.jar
7fdb096dd000-7fdb096ea000 r--s 000b1000 08:02 408873                     /root/.gradle/wrapper/dists/gradle-6.5-all/2oz4ud9k3tuxjg84bbf55q0tn/gradle-6.5/lib/plugins/httpclient-4.5.10.jar
7fdb096ea000-7fdb096f1000 r--s 0004e000 08:02 408909                     /root/.gradle/wrapper/dists/gradle-6.5-all/2oz4ud9k3tuxjg84bbf55q0tn/gradle-6.5/lib/plugins/commons-codec-1.13.jar
7fdb096f1000-7fdb096f3000 r--s 0000f000 08:02 408858                     /root/.gradle/wrapper/dists/gradle-6.5-all/2oz4ud9k3tuxjg84bbf55q0tn/gradle-6.5/lib/plugins/gradle-resources-http-6.5.jar
7fdb096f3000-7fdb096f6000 r--s 0000b000 08:02 408849                     /root/.gradle/wrapper/dists/gradle-6.5-all/2oz4ud9k3tuxjg84bbf55q0tn/gradle-6.5/lib/plugins/gradle-plugin-use-6.5.jar
7fdb096f6000-7fdb096fa000 r--s 0001d000 08:02 408861                     /root/.gradle/wrapper/dists/gradle-6.5-all/2oz4ud9k3tuxjg84bbf55q0tn/gradle-6.5/lib/plugins/gradle-workers-6.5.jar
7fdb096fa000-7fdb096ff000 r-xp 00000000 08:02 797176                     /root/.gradle/native/f6784746aeab05261644944871eae4fe03e0ef1612fff0a4a95f87b438bc6780/linux-amd64/libnative-platform.so
7fdb096ff000-7fdb098ff000 ---p 00005000 08:02 797176                     /root/.gradle/native/f6784746aeab05261644944871eae4fe03e0ef1612fff0a4a95f87b438bc6780/linux-amd64/libnative-platform.so
7fdb098ff000-7fdb09900000 r--p 00005000 08:02 797176                     /root/.gradle/native/f6784746aeab05261644944871eae4fe03e0ef1612fff0a4a95f87b438bc6780/linux-amd64/libnative-platform.so
7fdb09900000-7fdb09901000 rw-p 00006000 08:02 797176                     /root/.gradle/native/f6784746aeab05261644944871eae4fe03e0ef1612fff0a4a95f87b438bc6780/linux-amd64/libnative-platform.so
7fdb09901000-7fdb09904000 r--s 00008000 08:02 408722                     /root/.gradle/wrapper/dists/gradle-6.5-all/2oz4ud9k3tuxjg84bbf55q0tn/gradle-6.5/lib/gradle-build-events-6.5.jar
7fdb09904000-7fdb0990f000 r--s 00081000 08:02 408783                     /root/.gradle/wrapper/dists/gradle-6.5-all/2oz4ud9k3tuxjg84bbf55q0tn/gradle-6.5/lib/trove4j-1.0.20181211.jar
7fdb0990f000-7fdb09911000 r--s 00009000 08:02 408781                     /root/.gradle/wrapper/dists/gradle-6.5-all/2oz4ud9k3tuxjg84bbf55q0tn/gradle-6.5/lib/kotlin-script-runtime-1.3.72.jar
7fdb09911000-7fdb0994b000 r--s 00284000 08:02 408777                     /root/.gradle/wrapper/dists/gradle-6.5-all/2oz4ud9k3tuxjg84bbf55q0tn/gradle-6.5/lib/kotlin-reflect-1.3.72.jar
7fdb0994b000-7fdb09962000 r--s 00108000 08:02 408782                     /root/.gradle/wrapper/dists/gradle-6.5-all/2oz4ud9k3tuxjg84bbf55q0tn/gradle-6.5/lib/kotlin-daemon-embeddable-1.3.72.jar
7fdb09962000-7fdb09bbd000 r--s 023fe000 08:02 408757                     /root/.gradle/wrapper/dists/gradle-6.5-all/2oz4ud9k3tuxjg84bbf55q0tn/gradle-6.5/lib/kotlin-compiler-embeddable-1.3.72-patched-for-gradle-6.5.jar
7fdb09bbd000-7fdb09bbe000 r--s 00007000 08:02 408752                     /root/.gradle/wrapper/dists/gradle-6.5-all/2oz4ud9k3tuxjg84bbf55q0tn/gradle-6.5/lib/gradle-wrapper-6.5.jar
7fdb09bbe000-7fdb09bce000 r--s 00050000 08:02 408724                     /root/.gradle/wrapper/dists/gradle-6.5-all/2oz4ud9k3tuxjg84bbf55q0tn/gradle-6.5/lib/gradle-tooling-api-6.5.jar
7fdb09bce000-7fdb09bcf000 r--s 00000000 08:02 408749                     /root/.gradle/wrapper/dists/gradle-6.5-all/2oz4ud9k3tuxjg84bbf55q0tn/gradle-6.5/lib/gradle-kotlin-dsl-tooling-models-6.5.jar
7fdb09bcf000-7fdb09bdf000 r--s 0026b000 08:02 408790                     /root/.gradle/wrapper/dists/gradle-6.5-all/2oz4ud9k3tuxjg84bbf55q0tn/gradle-6.5/lib/kotlinx-metadata-jvm-0.1.0.jar
7fdb09bdf000-7fdb09be0000 r--s 00003000 08:02 408778                     /root/.gradle/wrapper/dists/gradle-6.5-all/2oz4ud9k3tuxjg84bbf55q0tn/gradle-6.5/lib/kotlin-stdlib-jdk8-1.3.72.jar
7fdb09be0000-7fdb09be1000 r--s 00000000 08:02 408779                     /root/.gradle/wrapper/dists/gradle-6.5-all/2oz4ud9k3tuxjg84bbf55q0tn/gradle-6.5/lib/kotlin-stdlib-jdk7-1.3.72.jar
7fdb09be1000-7fdb09be4000 r--s 00019000 08:02 408786                     /root/.gradle/wrapper/dists/gradle-6.5-all/2oz4ud9k3tuxjg84bbf55q0tn/gradle-6.5/lib/kotlin-scripting-jvm-host-embeddable-1.3.72.jar
7fdb09be4000-7fdb09be8000 r--s 00027000 08:02 408785                     /root/.gradle/wrapper/dists/gradle-6.5-all/2oz4ud9k3tuxjg84bbf55q0tn/gradle-6.5/lib/kotlin-scripting-jvm-1.3.72.jar
7fdb09be8000-7fdb09bee000 r--s 00045000 08:02 408788                     /root/.gradle/wrapper/dists/gradle-6.5-all/2oz4ud9k3tuxjg84bbf55q0tn/gradle-6.5/lib/kotlin-scripting-compiler-impl-embeddable-1.3.72.jar
7fdb09bee000-7fdb09bf6000 r--s 0004b000 08:02 408787                     /root/.gradle/wrapper/dists/gradle-6.5-all/2oz4ud9k3tuxjg84bbf55q0tn/gradle-6.5/lib/kotlin-scripting-compiler-embeddable-1.3.72.jar
7fdb09bf6000-7fdb09bfb000 r--s 00026000 08:02 408784                     /root/.gradle/wrapper/dists/gradle-6.5-all/2oz4ud9k3tuxjg84bbf55q0tn/gradle-6.5/lib/kotlin-scripting-common-1.3.72.jar
7fdb09bfb000-7fdb09bfc000 r--s 00002000 08:02 408789                     /root/.gradle/wrapper/dists/gradle-6.5-all/2oz4ud9k3tuxjg84bbf55q0tn/gradle-6.5/lib/kotlin-sam-with-receiver-compiler-plugin-1.3.72.jar
7fdb09bfc000-7fdb09c15000 r--s 0013f000 08:02 408723                     /root/.gradle/wrapper/dists/gradle-6.5-all/2oz4ud9k3tuxjg84bbf55q0tn/gradle-6.5/lib/gradle-kotlin-dsl-6.5.jar
7fdb09c15000-7fdb09c17000 r--s 00005000 08:02 408735                     /root/.gradle/wrapper/dists/gradle-6.5-all/2oz4ud9k3tuxjg84bbf55q0tn/gradle-6.5/lib/gradle-worker-processes-6.5.jar
7fdb09c17000-7fdb09c19000 r--s 00005000 08:02 408750                     /root/.gradle/wrapper/dists/gradle-6.5-all/2oz4ud9k3tuxjg84bbf55q0tn/gradle-6.5/lib/gradle-normalization-java-6.5.jar
7fdb09c19000-7fdb09c1b000 r--s 00007000 08:02 408729                     /root/.gradle/wrapper/dists/gradle-6.5-all/2oz4ud9k3tuxjg84bbf55q0tn/gradle-6.5/lib/gradle-model-groovy-6.5.jar
7fdb09c1b000-7fdb09c1d000 r--s 00000000 08:02 408733                     /root/.gradle/wrapper/dists/gradle-6.5-all/2oz4ud9k3tuxjg84bbf55q0tn/gradle-6.5/lib/gradle-jvm-services-6.5.jar
7fdb09c1d000-7fdb09c1f000 r--s 0000a000 08:02 408745                     /root/.gradle/wrapper/dists/gradle-6.5-all/2oz4ud9k3tuxjg84bbf55q0tn/gradle-6.5/lib/gradle-file-watching-6.5.jar
7fdb09c1f000-7fdb09c24000 r--s 00023000 08:02 408728                     /root/.gradle/wrapper/dists/gradle-6.5-all/2oz4ud9k3tuxjg84bbf55q0tn/gradle-6.5/lib/gradle-file-collections-6.5.jar
7fdb09c24000-7fdb09c2c000 r--s 00024000 08:02 408799                     /root/.gradle/wrapper/dists/gradle-6.5-all/2oz4ud9k3tuxjg84bbf55q0tn/gradle-6.5/lib/kotlin-stdlib-common-1.3.72.jar
7fdb09c2c000-7fdb09c40000 r--s 0013d000 08:02 408780                     /root/.gradle/wrapper/dists/gradle-6.5-all/2oz4ud9k3tuxjg84bbf55q0tn/gradle-6.5/lib/kotlin-stdlib-1.3.72.jar
7fdb09c40000-7fdb09c42000 r--s 00003000 08:02 408795                     /root/.gradle/wrapper/dists/gradle-6.5-all/2oz4ud9k3tuxjg84bbf55q0tn/gradle-6.5/lib/annotations-13.0.jar
7fdb09c42000-7fdb09c5b000 r--s 000eb000 08:02 408730                     /root/.gradle/wrapper/dists/gradle-6.5-all/2oz4ud9k3tuxjg84bbf55q0tn/gradle-6.5/lib/gradle-model-core-6.5.jar
7fdb09c5b000-7fdb09c62000 r--s 0002d000 08:02 408726                     /root/.gradle/wrapper/dists/gradle-6.5-all/2oz4ud9k3tuxjg84bbf55q0tn/gradle-6.5/lib/gradle-execution-6.5.jar
7fdb09c62000-7fdb09c63000 r--s 00005000 08:02 408754                     /root/.gradle/wrapper/dists/gradle-6.5-all/2oz4ud9k3tuxjg84bbf55q0tn/gradle-6.5/lib/gradle-docs-6.5.jar
7fdb09c63000-7fdb09c65000 r--s 00004000 08:02 408742                     /root/.gradle/wrapper/dists/gradle-6.5-all/2oz4ud9k3tuxjg84bbf55q0tn/gradle-6.5/lib/gradle-build-cache-packaging-6.5.jar
7fdb09c65000-7fdb09c69000 r--s 0001c000 08:02 408746                     /root/.gradle/wrapper/dists/gradle-6.5-all/2oz4ud9k3tuxjg84bbf55q0tn/gradle-6.5/lib/gradle-snapshots-6.5.jar
7fdb09c69000-7fdb09c6b000 r--s 00006000 08:02 408737                     /root/.gradle/wrapper/dists/gradle-6.5-all/2oz4ud9k3tuxjg84bbf55q0tn/gradle-6.5/lib/gradle-process-services-6.5.jar
7fdb09c6b000-7fdb09c6f000 r--s 00016000 08:02 408738                     /root/.gradle/wrapper/dists/gradle-6.5-all/2oz4ud9k3tuxjg84bbf55q0tn/gradle-6.5/lib/gradle-resources-6.5.jar
7fdb09c6f000-7fdb09c77000 r--s 00036000 08:02 408734                     /root/.gradle/wrapper/dists/gradle-6.5-all/2oz4ud9k3tuxjg84bbf55q0tn/gradle-6.5/lib/gradle-persistent-cache-6.5.jar
7fdb09c77000-7fdb09c7a000 r--s 0000d000 08:02 408740                     /root/.gradle/wrapper/dists/gradle-6.5-all/2oz4ud9k3tuxjg84bbf55q0tn/gradle-6.5/lib/gradle-native-6.5.jar
7fdb09c7a000-7fdb09c7c000 r--s 0000c000 08:02 408794                     /root/.gradle/wrapper/dists/gradle-6.5-all/2oz4ud9k3tuxjg84bbf55q0tn/gradle-6.5/lib/objenesis-2.6.jar
7fdb09c7c000-7fdb09c7e000 r--s 00000000 08:02 408797                     /root/.gradle/wrapper/dists/gradle-6.5-all/2oz4ud9k3tuxjg84bbf55q0tn/gradle-6.5/lib/minlog-1.2.jar
7fdb09c7e000-7fdb09c84000 r--s 0004d000 08:02 408793                     /root/.gradle/wrapper/dists/gradle-6.5-all/2oz4ud9k3tuxjg84bbf55q0tn/gradle-6.5/lib/kryo-2.24.0.jar
7fdb09c84000-7fdb09c8a000 r--s 0006d000 08:02 408792                     /root/.gradle/wrapper/dists/gradle-6.5-all/2oz4ud9k3tuxjg84bbf55q0tn/gradle-6.5/lib/fastutil-8.3.0-min.jar
7fdb09c8a000-7fdb09c91000 r--s 00031000 08:02 408739                     /root/.gradle/wrapper/dists/gradle-6.5-all/2oz4ud9k3tuxjg84bbf55q0tn/gradle-6.5/lib/gradle-messaging-6.5.jar
7fdb09c91000-7fdb09c93000 r--s 00005000 08:02 408753                     /root/.gradle/wrapper/dists/gradle-6.5-all/2oz4ud9k3tuxjg84bbf55q0tn/gradle-6.5/lib/gradle-cli-6.5.jar
7fdb09c93000-7fdb09c94000 r--s 00004000 08:02 408744                     /root/.gradle/wrapper/dists/gradle-6.5-all/2oz4ud9k3tuxjg84bbf55q0tn/gradle-6.5/lib/gradle-build-option-6.5.jar
7fdb09c94000-7fdb09c96000 r--s 00004000 08:02 408762                     /root/.gradle/wrapper/dists/gradle-6.5-all/2oz4ud9k3tuxjg84bbf55q0tn/gradle-6.5/lib/log4j-over-slf4j-1.7.28.jar
7fdb09c96000-7fdb09c98000 r--s 00000000 08:02 408761                     /root/.gradle/wrapper/dists/gradle-6.5-all/2oz4ud9k3tuxjg84bbf55q0tn/gradle-6.5/lib/jul-to-slf4j-1.7.28.jar
7fdb09c98000-7fdb09c9a000 r--s 00003000 08:02 408760                     /root/.gradle/wrapper/dists/gradle-6.5-all/2oz4ud9k3tuxjg84bbf55q0tn/gradle-6.5/lib/jcl-over-slf4j-1.7.28.jar
7fdb09c9a000-7fdb09c9e000 r--s 00043000 08:02 408791                     /root/.gradle/wrapper/dists/gradle-6.5-all/2oz4ud9k3tuxjg84bbf55q0tn/gradle-6.5/lib/jansi-1.18.jar
7fdb09c9e000-7fdb09ca7000 r--s 0003c000 08:02 408736                     /root/.gradle/wrapper/dists/gradle-6.5-all/2oz4ud9k3tuxjg84bbf55q0tn/gradle-6.5/lib/gradle-logging-6.5.jar
7fdb09ca7000-7fdb09ca9000 r--s 00009000 08:02 408747                     /root/.gradle/wrapper/dists/gradle-6.5-all/2oz4ud9k3tuxjg84bbf55q0tn/gradle-6.5/lib/gradle-files-6.5.jar
7fdb09ca9000-7fdb09cab000 r--s 00001000 08:02 408743                     /root/.gradle/wrapper/dists/gradle-6.5-all/2oz4ud9k3tuxjg84bbf55q0tn/gradle-6.5/lib/gradle-build-cache-base-6.5.jar
7fdb09cab000-7fdb09caf000 r--s 0000c000 08:02 408727                     /root/.gradle/wrapper/dists/gradle-6.5-all/2oz4ud9k3tuxjg84bbf55q0tn/gradle-6.5/lib/gradle-build-cache-6.5.jar
7fdb09caf000-7fdb09cb0000 r--s 00006000 08:02 408732                     /root/.gradle/wrapper/dists/gradle-6.5-all/2oz4ud9k3tuxjg84bbf55q0tn/gradle-6.5/lib/gradle-base-services-groovy-6.5.jar
7fdb09cb0000-7fdb09cb9000 r--s 0002d000 08:02 408776                     /root/.gradle/wrapper/dists/gradle-6.5-all/2oz4ud9k3tuxjg84bbf55q0tn/gradle-6.5/lib/xml-apis-1.4.01.jar
7fdb09cb9000-7fdb09cba000 r--s 00078000 08:02 408807                     /root/.gradle/wrapper/dists/gradle-6.5-all/2oz4ud9k3tuxjg84bbf55q0tn/gradle-6.5/lib/native-platform-windows-i386-min-0.22-milestone-3.jar
7fdb09cba000-7fdb09cbb000 r--s 00078000 08:02 408806                     /root/.gradle/wrapper/dists/gradle-6.5-all/2oz4ud9k3tuxjg84bbf55q0tn/gradle-6.5/lib/native-platform-windows-i386-0.22-milestone-3.jar
7fdb09cbb000-7fdb09cbd000 r--s 00092000 08:02 408805                     /root/.gradle/wrapper/dists/gradle-6.5-all/2oz4ud9k3tuxjg84bbf55q0tn/gradle-6.5/lib/native-platform-windows-amd64-min-0.22-milestone-3.jar
7fdb09cbd000-7fdb09cbe000 r--s 00093000 08:02 408804                     /root/.gradle/wrapper/dists/gradle-6.5-all/2oz4ud9k3tuxjg84bbf55q0tn/gradle-6.5/lib/native-platform-windows-amd64-0.22-milestone-3.jar
7fdb09cbe000-7fdb09cbf000 r--s 00017000 08:02 408803                     /root/.gradle/wrapper/dists/gradle-6.5-all/2oz4ud9k3tuxjg84bbf55q0tn/gradle-6.5/lib/native-platform-osx-amd64-0.22-milestone-3.jar
7fdb09cbf000-7fdb09cc0000 r--s 00001000 08:02 408811                     /root/.gradle/wrapper/dists/gradle-6.5-all/2oz4ud9k3tuxjg84bbf55q0tn/gradle-6.5/lib/native-platform-linux-amd64-ncurses6-0.22-milestone-3.jar
7fdb09cc0000-7fdb09cc2000 r--s 00001000 08:02 408810                     /root/.gradle/wrapper/dists/gradle-6.5-all/2oz4ud9k3tuxjg84bbf55q0tn/gradle-6.5/lib/native-platform-linux-amd64-ncurses5-0.22-milestone-3.jar
7fdb09cc2000-7fdb09cc3000 r--s 0005b000 08:02 408802                     /root/.gradle/wrapper/dists/gradle-6.5-all/2oz4ud9k3tuxjg84bbf55q0tn/gradle-6.5/lib/native-platform-linux-amd64-0.22-milestone-3.jar
7fdb09cc3000-7fdb09cc4000 r--s 00002000 08:02 408809                     /root/.gradle/wrapper/dists/gradle-6.5-all/2oz4ud9k3tuxjg84bbf55q0tn/gradle-6.5/lib/native-platform-linux-aarch64-ncurses6-0.22-milestone-3.jar
7fdb09cc4000-7fdb09cc6000 r--s 00001000 08:02 408808                     /root/.gradle/wrapper/dists/gradle-6.5-all/2oz4ud9k3tuxjg84bbf55q0tn/gradle-6.5/lib/native-platform-linux-aarch64-ncurses5-0.22-milestone-3.jar
7fdb09cc6000-7fdb09cc8000 r--s 00059000 08:02 408801                     /root/.gradle/wrapper/dists/gradle-6.5-all/2oz4ud9k3tuxjg84bbf55q0tn/gradle-6.5/lib/native-platform-linux-aarch64-0.22-milestone-3.jar
7fdb09cc8000-7fdb09ccd000 r--s 0001f000 08:02 408775                     /root/.gradle/wrapper/dists/gradle-6.5-all/2oz4ud9k3tuxjg84bbf55q0tn/gradle-6.5/lib/native-platform-0.22-milestone-3.jar
7fdb09ccd000-7fdb09cd9000 r--s 0008b000 08:02 408773                     /root/.gradle/wrapper/dists/gradle-6.5-all/2oz4ud9k3tuxjg84bbf55q0tn/gradle-6.5/lib/commons-compress-1.19.jar
7fdb09cd9000-7fdb09cdb000 r--s 0000b000 08:02 408769                     /root/.gradle/wrapper/dists/gradle-6.5-all/2oz4ud9k3tuxjg84bbf55q0tn/gradle-6.5/lib/asm-tree-7.3.1.jar
7fdb09cdb000-7fdb09cdd000 r--s 00010000 08:02 408767                     /root/.gradle/wrapper/dists/gradle-6.5-all/2oz4ud9k3tuxjg84bbf55q0tn/gradle-6.5/lib/asm-commons-7.3.1.jar
7fdb09cdd000-7fdb09cdf000 r--s 00007000 08:02 408768                     /root/.gradle/wrapper/dists/gradle-6.5-all/2oz4ud9k3tuxjg84bbf55q0tn/gradle-6.5/lib/asm-analysis-7.3.1.jar
7fdb09cdf000-7fdb09ce1000 r--s 00003000 08:02 408748                     /root/.gradle/wrapper/dists/gradle-6.5-all/2oz4ud9k3tuxjg84bbf55q0tn/gradle-6.5/lib/gradle-hashing-6.5.jar
7fdb09ce1000-7fdb09ce3000 r--s 00003000 08:02 408759                     /root/.gradle/wrapper/dists/gradle-6.5-all/2oz4ud9k3tuxjg84bbf55q0tn/gradle-6.5/lib/jsr305-3.0.2.jar
7fdb09ce3000-7fdb09ce5000 r--s 00009000 08:02 408763                     /root/.gradle/wrapper/dists/gradle-6.5-all/2oz4ud9k3tuxjg84bbf55q0tn/gradle-6.5/lib/slf4j-api-1.7.28.jar
7fdb09ce5000-7fdb09d15000 r--s 0024c000 08:02 408764                     /root/.gradle/wrapper/dists/gradle-6.5-all/2oz4ud9k3tuxjg84bbf55q0tn/gradle-6.5/lib/guava-27.1-android.jar
7fdb09d15000-7fdb09d95000 r--s 00782000 08:02 408771                     /root/.gradle/wrapper/dists/gradle-6.5-all/2oz4ud9k3tuxjg84bbf55q0tn/gradle-6.5/lib/groovy-all-1.3-2.5.11.jar
7fdb09d95000-7fdb09db5000 r--s 00204000 08:02 408774                     /root/.gradle/wrapper/dists/gradle-6.5-all/2oz4ud9k3tuxjg84bbf55q0tn/gradle-6.5/lib/ant-1.10.7.jar
7fdb09db5000-7fdb09df2000 r--s 0021d000 08:02 408725                     /root/.gradle/wrapper/dists/gradle-6.5-all/2oz4ud9k3tuxjg84bbf55q0tn/gradle-6.5/lib/gradle-core-6.5.jar
7fdb09df2000-7fdb09e01000 r--s 00047000 08:02 408731                     /root/.gradle/wrapper/dists/gradle-6.5-all/2oz4ud9k3tuxjg84bbf55q0tn/gradle-6.5/lib/gradle-core-api-6.5.jar
7fdb09e01000-7fdb09e0e000 r--s 00063000 08:02 408741                     /root/.gradle/wrapper/dists/gradle-6.5-all/2oz4ud9k3tuxjg84bbf55q0tn/gradle-6.5/lib/gradle-base-services-6.5.jar
7fdb09e0e000-7fdb09e3f000 rw-p 00000000 00:00 0 
7fdb09e3f000-7fdb09e56000 r-xp 00000000 08:02 4595132                    /home/elise/Downloads/android-studio-ide-201.6953283-linux/android-studio/jre/jre/lib/amd64/libnet.so
7fdb09e56000-7fdb09e57000 r--p 00016000 08:02 4595132                    /home/elise/Downloads/android-studio-ide-201.6953283-linux/android-studio/jre/jre/lib/amd64/libnet.so
7fdb09e57000-7fdb09e58000 rw-p 00017000 08:02 4595132                    /home/elise/Downloads/android-studio-ide-201.6953283-linux/android-studio/jre/jre/lib/amd64/libnet.so
7fdb09e58000-7fdb09e59000 ---p 00000000 00:00 0 
7fdb09e59000-7fdb09f59000 rw-p 00000000 00:00 0 
7fdb09f59000-7fdb09f5c000 ---p 00000000 00:00 0 
7fdb09f5c000-7fdb0a05a000 rw-p 00000000 00:00 0 
7fdb0a05a000-7fdb0a05b000 ---p 00000000 00:00 0 
7fdb0a05b000-7fdb0a05e000 ---p 00000000 00:00 0 
7fdb0a05e000-7fdb0a15b000 rw-p 00000000 00:00 0 
7fdb0a15b000-7fdb0a15c000 ---p 00000000 00:00 0 
7fdb0a15c000-7fdb0a15f000 ---p 00000000 00:00 0 
7fdb0a15f000-7fdb0a25c000 rw-p 00000000 00:00 0 
7fdb0a25c000-7fdb0a25d000 ---p 00000000 00:00 0 
7fdb0a25d000-7fdb0a260000 ---p 00000000 00:00 0 
7fdb0a260000-7fdb0a35d000 rw-p 00000000 00:00 0 
7fdb0a35d000-7fdb0a360000 ---p 00000000 00:00 0 
7fdb0a360000-7fdb0a45e000 rw-p 00000000 00:00 0 
7fdb0a45e000-7fdb0afae000 r--p 00000000 08:02 531142                     /usr/lib/locale/locale-archive
7fdb0afae000-7fdb0afb1000 ---p 00000000 00:00 0 
7fdb0afb1000-7fdb0b0af000 rw-p 00000000 00:00 0 
7fdb0b0af000-7fdb0b0b2000 ---p 00000000 00:00 0 
7fdb0b0b2000-7fdb0b1b0000 rw-p 00000000 00:00 0 
7fdb0b1b0000-7fdb0b1b1000 ---p 00000000 00:00 0 
7fdb0b1b1000-7fdb0c000000 rw-p 00000000 00:00 0 
7fdb0c000000-7fdb0c021000 rw-p 00000000 00:00 0 
7fdb0c021000-7fdb10000000 ---p 00000000 00:00 0 
7fdb10000000-7fdb1002d000 rw-p 00000000 00:00 0 
7fdb1002d000-7fdb14000000 ---p 00000000 00:00 0 
7fdb14000000-7fdb14021000 rw-p 00000000 00:00 0 
7fdb14021000-7fdb18000000 ---p 00000000 00:00 0 
7fdb18000000-7fdb18001000 r--s 00004000 08:02 408800                     /root/.gradle/wrapper/dists/gradle-6.5-all/2oz4ud9k3tuxjg84bbf55q0tn/gradle-6.5/lib/native-platform-freebsd-amd64-libcpp-0.22-milestone-3.jar
7fdb18001000-7fdb18006000 r--s 00041000 08:02 408765                     /root/.gradle/wrapper/dists/gradle-6.5-all/2oz4ud9k3tuxjg84bbf55q0tn/gradle-6.5/lib/commons-lang-2.6.jar
7fdb18006000-7fdb1800a000 r--s 00031000 08:02 408766                     /root/.gradle/wrapper/dists/gradle-6.5-all/2oz4ud9k3tuxjg84bbf55q0tn/gradle-6.5/lib/commons-io-2.6.jar
7fdb1800a000-7fdb1822d000 rw-p 00000000 00:00 0 
7fdb1822d000-7fdb18400000 r--s 03cdf000 08:02 4595101                    /home/elise/Downloads/android-studio-ide-201.6953283-linux/android-studio/jre/jre/lib/rt.jar
7fdb18400000-7fdb1d000000 rw-p 00000000 00:00 0 
7fdb1d000000-7fdb1d930000 rwxp 00000000 00:00 0 
7fdb1d930000-7fdb2c000000 ---p 00000000 00:00 0 
7fdb2c000000-7fdb2d28a000 rw-p 00000000 00:00 0 
7fdb2d28a000-7fdb30000000 ---p 00000000 00:00 0 
7fdb30000000-7fdb30001000 r--s 00000000 08:02 408772                     /root/.gradle/wrapper/dists/gradle-6.5-all/2oz4ud9k3tuxjg84bbf55q0tn/gradle-6.5/lib/javax.inject-1.jar
7fdb30001000-7fdb30003000 r--s 00000000 08:02 408798                     /root/.gradle/wrapper/dists/gradle-6.5-all/2oz4ud9k3tuxjg84bbf55q0tn/gradle-6.5/lib/failureaccess-1.0.1.jar
7fdb30003000-7fdb30005000 r--s 0001c000 08:02 408770                     /root/.gradle/wrapper/dists/gradle-6.5-all/2oz4ud9k3tuxjg84bbf55q0tn/gradle-6.5/lib/asm-7.3.1.jar
7fdb30005000-7fdb30015000 r-xp 00000000 08:02 4595120                    /home/elise/Downloads/android-studio-ide-201.6953283-linux/android-studio/jre/jre/lib/amd64/libnio.so
7fdb30015000-7fdb30016000 ---p 00010000 08:02 4595120                    /home/elise/Downloads/android-studio-ide-201.6953283-linux/android-studio/jre/jre/lib/amd64/libnio.so
7fdb30016000-7fdb30017000 r--p 00010000 08:02 4595120                    /home/elise/Downloads/android-studio-ide-201.6953283-linux/android-studio/jre/jre/lib/amd64/libnio.so
7fdb30017000-7fdb30018000 rw-p 00011000 08:02 4595120                    /home/elise/Downloads/android-studio-ide-201.6953283-linux/android-studio/jre/jre/lib/amd64/libnio.so
7fdb30018000-7fdb30158000 rw-p 00000000 00:00 0 
7fdb30158000-7fdb30159000 ---p 00000000 00:00 0 
7fdb30159000-7fdb30259000 rw-p 00000000 00:00 0 
7fdb30259000-7fdb3025a000 ---p 00000000 00:00 0 
7fdb3025a000-7fdb3035a000 rw-p 00000000 00:00 0 
7fdb3035a000-7fdb3035b000 ---p 00000000 00:00 0 
7fdb3035b000-7fdb3045b000 rw-p 00000000 00:00 0 
7fdb3045b000-7fdb3045c000 ---p 00000000 00:00 0 
7fdb3045c000-7fdb3056b000 rw-p 00000000 00:00 0 
7fdb3056b000-7fdb30807000 ---p 00000000 00:00 0 
7fdb30807000-7fdb30816000 rw-p 00000000 00:00 0 
7fdb30816000-7fdb30ab1000 ---p 00000000 00:00 0 
7fdb30ab1000-7fdb30af6000 rw-p 00000000 00:00 0 
7fdb30af6000-7fdb30c07000 ---p 00000000 00:00 0 
7fdb30c07000-7fdb30c2d000 rw-p 00000000 00:00 0 
7fdb30c2d000-7fdb30fc8000 ---p 00000000 00:00 0 
7fdb30fc8000-7fdb30fd3000 r-xp 00000000 08:02 1310814                    /lib/x86_64-linux-gnu/libnss_files-2.27.so
7fdb30fd3000-7fdb311d2000 ---p 0000b000 08:02 1310814                    /lib/x86_64-linux-gnu/libnss_files-2.27.so
7fdb311d2000-7fdb311d3000 r--p 0000a000 08:02 1310814                    /lib/x86_64-linux-gnu/libnss_files-2.27.so
7fdb311d3000-7fdb311d4000 rw-p 0000b000 08:02 1310814                    /lib/x86_64-linux-gnu/libnss_files-2.27.so
7fdb311d4000-7fdb311da000 rw-p 00000000 00:00 0 
7fdb311da000-7fdb311f1000 r-xp 00000000 08:02 1310811                    /lib/x86_64-linux-gnu/libnsl-2.27.so
7fdb311f1000-7fdb313f0000 ---p 00017000 08:02 1310811                    /lib/x86_64-linux-gnu/libnsl-2.27.so
7fdb313f0000-7fdb313f1000 r--p 00016000 08:02 1310811                    /lib/x86_64-linux-gnu/libnsl-2.27.so
7fdb313f1000-7fdb313f2000 rw-p 00017000 08:02 1310811                    /lib/x86_64-linux-gnu/libnsl-2.27.so
7fdb313f2000-7fdb313f4000 rw-p 00000000 00:00 0 
7fdb313f4000-7fdb313ff000 r-xp 00000000 08:02 1310816                    /lib/x86_64-linux-gnu/libnss_nis-2.27.so
7fdb313ff000-7fdb315fe000 ---p 0000b000 08:02 1310816                    /lib/x86_64-linux-gnu/libnss_nis-2.27.so
7fdb315fe000-7fdb315ff000 r--p 0000a000 08:02 1310816                    /lib/x86_64-linux-gnu/libnss_nis-2.27.so
7fdb315ff000-7fdb31600000 rw-p 0000b000 08:02 1310816                    /lib/x86_64-linux-gnu/libnss_nis-2.27.so
7fdb31600000-7fdb31608000 r-xp 00000000 08:02 1310812                    /lib/x86_64-linux-gnu/libnss_compat-2.27.so
7fdb31608000-7fdb31808000 ---p 00008000 08:02 1310812                    /lib/x86_64-linux-gnu/libnss_compat-2.27.so
7fdb31808000-7fdb31809000 r--p 00008000 08:02 1310812                    /lib/x86_64-linux-gnu/libnss_compat-2.27.so
7fdb31809000-7fdb3180a000 rw-p 00009000 08:02 1310812                    /lib/x86_64-linux-gnu/libnss_compat-2.27.so
7fdb3180a000-7fdb31811000 r-xp 00000000 08:02 1315515                    /lib/x86_64-linux-gnu/librt-2.27.so
7fdb31811000-7fdb31a10000 ---p 00007000 08:02 1315515                    /lib/x86_64-linux-gnu/librt-2.27.so
7fdb31a10000-7fdb31a11000 r--p 00006000 08:02 1315515                    /lib/x86_64-linux-gnu/librt-2.27.so
7fdb31a11000-7fdb31a12000 rw-p 00007000 08:02 1315515                    /lib/x86_64-linux-gnu/librt-2.27.so
7fdb31a12000-7fdb31baf000 r-xp 00000000 08:02 1310808                    /lib/x86_64-linux-gnu/libm-2.27.so
7fdb31baf000-7fdb31dae000 ---p 0019d000 08:02 1310808                    /lib/x86_64-linux-gnu/libm-2.27.so
7fdb31dae000-7fdb31daf000 r--p 0019c000 08:02 1310808                    /lib/x86_64-linux-gnu/libm-2.27.so
7fdb31daf000-7fdb31db0000 rw-p 0019d000 08:02 1310808                    /lib/x86_64-linux-gnu/libm-2.27.so
7fdb31db0000-7fdb329df000 r-xp 00000000 08:02 4595142                    /home/elise/Downloads/android-studio-ide-201.6953283-linux/android-studio/jre/jre/lib/amd64/server/libjvm.so
7fdb329df000-7fdb32a87000 r--p 00c2e000 08:02 4595142                    /home/elise/Downloads/android-studio-ide-201.6953283-linux/android-studio/jre/jre/lib/amd64/server/libjvm.so
7fdb32a87000-7fdb32ab0000 rw-p 00cd6000 08:02 4595142                    /home/elise/Downloads/android-studio-ide-201.6953283-linux/android-studio/jre/jre/lib/amd64/server/libjvm.so
7fdb32ab0000-7fdb32af4000 rw-p 00000000 00:00 0 
7fdb32af4000-7fdb32cdb000 r-xp 00000000 08:02 1310804                    /lib/x86_64-linux-gnu/libc-2.27.so
7fdb32cdb000-7fdb32edb000 ---p 001e7000 08:02 1310804                    /lib/x86_64-linux-gnu/libc-2.27.so
7fdb32edb000-7fdb32edf000 r--p 001e7000 08:02 1310804                    /lib/x86_64-linux-gnu/libc-2.27.so
7fdb32edf000-7fdb32ee1000 rw-p 001eb000 08:02 1310804                    /lib/x86_64-linux-gnu/libc-2.27.so
7fdb32ee1000-7fdb32ee5000 rw-p 00000000 00:00 0 
7fdb32ee5000-7fdb32ee8000 r-xp 00000000 08:02 1310807                    /lib/x86_64-linux-gnu/libdl-2.27.so
7fdb32ee8000-7fdb330e7000 ---p 00003000 08:02 1310807                    /lib/x86_64-linux-gnu/libdl-2.27.so
7fdb330e7000-7fdb330e8000 r--p 00002000 08:02 1310807                    /lib/x86_64-linux-gnu/libdl-2.27.so
7fdb330e8000-7fdb330e9000 rw-p 00003000 08:02 1310807                    /lib/x86_64-linux-gnu/libdl-2.27.so
7fdb330e9000-7fdb33103000 r-xp 00000000 08:02 1315433                    /lib/x86_64-linux-gnu/libpthread-2.27.so
7fdb33103000-7fdb33302000 ---p 0001a000 08:02 1315433                    /lib/x86_64-linux-gnu/libpthread-2.27.so
7fdb33302000-7fdb33303000 r--p 00019000 08:02 1315433                    /lib/x86_64-linux-gnu/libpthread-2.27.so
7fdb33303000-7fdb33304000 rw-p 0001a000 08:02 1315433                    /lib/x86_64-linux-gnu/libpthread-2.27.so
7fdb33304000-7fdb33308000 rw-p 00000000 00:00 0 
7fdb33308000-7fdb33331000 r-xp 00000000 08:02 1310736                    /lib/x86_64-linux-gnu/ld-2.27.so
7fdb33331000-7fdb3333d000 r--s 00068000 08:02 408720                     /root/.gradle/wrapper/dists/gradle-6.5-all/2oz4ud9k3tuxjg84bbf55q0tn/gradle-6.5/lib/gradle-launcher-6.5.jar
7fdb3333d000-7fdb333ae000 rw-p 00000000 00:00 0 
7fdb333ae000-7fdb333c9000 r-xp 00000000 08:02 4595147                    /home/elise/Downloads/android-studio-ide-201.6953283-linux/android-studio/jre/jre/lib/amd64/libzip.so
7fdb333c9000-7fdb333ca000 r--p 0001a000 08:02 4595147                    /home/elise/Downloads/android-studio-ide-201.6953283-linux/android-studio/jre/jre/lib/amd64/libzip.so
7fdb333ca000-7fdb333cb000 rw-p 0001b000 08:02 4595147                    /home/elise/Downloads/android-studio-ide-201.6953283-linux/android-studio/jre/jre/lib/amd64/libzip.so
7fdb333cb000-7fdb333f3000 r-xp 00000000 08:02 4595115                    /home/elise/Downloads/android-studio-ide-201.6953283-linux/android-studio/jre/jre/lib/amd64/libjava.so
7fdb333f3000-7fdb333f4000 r--p 00027000 08:02 4595115                    /home/elise/Downloads/android-studio-ide-201.6953283-linux/android-studio/jre/jre/lib/amd64/libjava.so
7fdb333f4000-7fdb333f6000 rw-p 00028000 08:02 4595115                    /home/elise/Downloads/android-studio-ide-201.6953283-linux/android-studio/jre/jre/lib/amd64/libjava.so
7fdb333f6000-7fdb333f7000 ---p 00000000 00:00 0 
7fdb333f7000-7fdb333fa000 ---p 00000000 00:00 0 
7fdb333fa000-7fdb334f9000 rw-p 00000000 00:00 0 
7fdb334f9000-7fdb3350f000 r-xp 00000000 08:02 4479747                    /home/elise/Downloads/android-studio-ide-201.6953283-linux/android-studio/jre/lib/amd64/jli/libjli.so
7fdb3350f000-7fdb33510000 r--p 00015000 08:02 4479747                    /home/elise/Downloads/android-studio-ide-201.6953283-linux/android-studio/jre/lib/amd64/jli/libjli.so
7fdb33510000-7fdb33511000 rw-p 00016000 08:02 4479747                    /home/elise/Downloads/android-studio-ide-201.6953283-linux/android-studio/jre/lib/amd64/jli/libjli.so
7fdb33511000-7fdb33512000 r--s 00000000 08:02 408751                     /root/.gradle/wrapper/dists/gradle-6.5-all/2oz4ud9k3tuxjg84bbf55q0tn/gradle-6.5/lib/gradle-base-annotations-6.5.jar
7fdb33512000-7fdb33513000 r--s 00004000 08:02 408796                     /root/.gradle/wrapper/dists/gradle-6.5-all/2oz4ud9k3tuxjg84bbf55q0tn/gradle-6.5/lib/ant-launcher-1.10.7.jar
7fdb33513000-7fdb33515000 r--s 00001000 08:02 408721                     /root/.gradle/wrapper/dists/gradle-6.5-all/2oz4ud9k3tuxjg84bbf55q0tn/gradle-6.5/lib/gradle-bootstrap-6.5.jar
7fdb33515000-7fdb3351d000 rw-s 00000000 08:02 6554694                    /tmp/hsperfdata_root/17540
7fdb3351d000-7fdb3351e000 rw-p 00000000 00:00 0 
7fdb3351e000-7fdb3351f000 ---p 00000000 00:00 0 
7fdb3351f000-7fdb3352c000 r-xp 00000000 08:02 4595129                    /home/elise/Downloads/android-studio-ide-201.6953283-linux/android-studio/jre/jre/lib/amd64/libverify.so
7fdb3352c000-7fdb3352e000 r--p 0000c000 08:02 4595129                    /home/elise/Downloads/android-studio-ide-201.6953283-linux/android-studio/jre/jre/lib/amd64/libverify.so
7fdb3352e000-7fdb3352f000 rw-p 0000e000 08:02 4595129                    /home/elise/Downloads/android-studio-ide-201.6953283-linux/android-studio/jre/jre/lib/amd64/libverify.so
7fdb3352f000-7fdb33531000 rw-p 00000000 00:00 0 
7fdb33531000-7fdb33532000 r--p 00029000 08:02 1310736                    /lib/x86_64-linux-gnu/ld-2.27.so
7fdb33532000-7fdb33533000 rw-p 0002a000 08:02 1310736                    /lib/x86_64-linux-gnu/ld-2.27.so
7fdb33533000-7fdb33534000 rw-p 00000000 00:00 0 
7ffe0ad0c000-7ffe0ad2d000 rw-p 00000000 00:00 0                          [stack]
7ffe0ad36000-7ffe0ad39000 r--p 00000000 00:00 0                          [vvar]
7ffe0ad39000-7ffe0ad3b000 r-xp 00000000 00:00 0                          [vdso]
ffffffffff600000-ffffffffff601000 r-xp 00000000 00:00 0                  [vsyscall]

VM Arguments:
jvm_args: -Xmx2048m -Dfile.encoding=UTF-8 -Duser.country=US -Duser.language=en -Duser.variant 
java_command: org.gradle.launcher.daemon.bootstrap.GradleDaemon 6.5
java_class_path (initial): /root/.gradle/wrapper/dists/gradle-6.5-all/2oz4ud9k3tuxjg84bbf55q0tn/gradle-6.5/lib/gradle-launcher-6.5.jar
Launcher Type: SUN_STANDARD

Environment Variables:
PATH=/usr/local/sbin:/usr/local/bin:/usr/sbin:/usr/bin:/sbin:/bin:/snap/bin
USERNAME=root
SHELL=/bin/bash
DISPLAY=:0

Signal Handlers:
SIGSEGV: [libjvm.so+0xa13c80], sa_mask[0]=11111111011111111101111111111110, sa_flags=SA_RESTART|SA_SIGINFO
SIGBUS: [libjvm.so+0xa13c80], sa_mask[0]=11111111011111111101111111111110, sa_flags=SA_RESTART|SA_SIGINFO
SIGFPE: [libjvm.so+0x874670], sa_mask[0]=11111111011111111101111111111110, sa_flags=SA_RESTART|SA_SIGINFO
SIGPIPE: [libjvm.so+0x874670], sa_mask[0]=11111111011111111101111111111110, sa_flags=SA_RESTART|SA_SIGINFO
SIGXFSZ: [libjvm.so+0x874670], sa_mask[0]=11111111011111111101111111111110, sa_flags=SA_RESTART|SA_SIGINFO
SIGILL: [libjvm.so+0x874670], sa_mask[0]=11111111011111111101111111111110, sa_flags=SA_RESTART|SA_SIGINFO
SIGUSR1: SIG_DFL, sa_mask[0]=00000000000000000000000000000000, sa_flags=none
SIGUSR2: [libjvm.so+0x874540], sa_mask[0]=00100000000000000000000000000000, sa_flags=SA_RESTART|SA_SIGINFO
SIGHUP: [libjvm.so+0x874730], sa_mask[0]=11111111011111111101111111111110, sa_flags=SA_RESTART|SA_SIGINFO
SIGINT: [libjvm.so+0x874730], sa_mask[0]=11111111011111111101111111111110, sa_flags=SA_RESTART|SA_SIGINFO
SIGTERM: [libjvm.so+0x874730], sa_mask[0]=11111111011111111101111111111110, sa_flags=SA_RESTART|SA_SIGINFO
SIGQUIT: [libjvm.so+0x874730], sa_mask[0]=11111111011111111101111111111110, sa_flags=SA_RESTART|SA_SIGINFO


---------------  S Y S T E M  ---------------

OS:DISTRIB_ID=Ubuntu
DISTRIB_RELEASE=18.04
DISTRIB_CODENAME=bionic
DISTRIB_DESCRIPTION="Ubuntu 18.04 LTS"

uname:Linux 4.15.0-139-generic #143-Ubuntu SMP Tue Mar 16 01:30:17 UTC 2021 x86_64
libc:glibc 2.27 NPTL 2.27 
rlimit: STACK 8192k, CORE 0k, NPROC 14218, NOFILE 4096, AS infinity
load average:1,94 2,99 4,51

/proc/meminfo:
MemTotal:        3925960 kB
MemFree:          103636 kB
MemAvailable:      11624 kB
Buffers:             572 kB
Cached:           452164 kB
SwapCached:         1508 kB
Active:          2966652 kB
Inactive:         603364 kB
Active(anon):    2958272 kB
Inactive(anon):   591776 kB
Active(file):       8380 kB
Inactive(file):    11588 kB
Unevictable:          32 kB
Mlocked:              32 kB
SwapTotal:       2097148 kB
SwapFree:              0 kB
Dirty:                88 kB
Writeback:           516 kB
AnonPages:       3116156 kB
Mapped:            36788 kB
Shmem:            432656 kB
Slab:             113976 kB
SReclaimable:      44228 kB
SUnreclaim:        69748 kB
KernelStack:       15456 kB
PageTables:        57540 kB
NFS_Unstable:          0 kB
Bounce:                0 kB
WritebackTmp:          0 kB
CommitLimit:     4060128 kB
Committed_AS:    9846932 kB
VmallocTotal:   34359738367 kB
VmallocUsed:           0 kB
VmallocChunk:          0 kB
HardwareCorrupted:     0 kB
AnonHugePages:         0 kB
ShmemHugePages:        0 kB
ShmemPmdMapped:        0 kB
CmaTotal:              0 kB
CmaFree:               0 kB
HugePages_Total:       0
HugePages_Free:        0
HugePages_Rsvd:        0
HugePages_Surp:        0
Hugepagesize:       2048 kB
DirectMap4k:      374416 kB
DirectMap2M:     3706880 kB
DirectMap1G:           0 kB

container (cgroup) information:
container_type: cgroupv1
cpu_cpuset_cpus: 0-3
cpu_memory_nodes: 0
active_processor_count: 4
cpu_quota: -1
cpu_period: 100000
cpu_shares: -1
memory_limit_in_bytes: -1
memory_and_swap_limit_in_bytes: -2
memory_soft_limit_in_bytes: -1
memory_usage_in_bytes: 3656695808
memory_max_usage_in_bytes: 93421568


CPU:total 4 (initial active 4) (2 cores per cpu, 2 threads per core) family 6 model 142 stepping 9, cmov, cx8, fxsr, mmx, sse, sse2, sse3, ssse3, sse4.1, sse4.2, popcnt, avx, avx2, aes, clmul, erms, 3dnowpref, lzcnt, ht, tsc, tscinvbit, bmi1, bmi2, adx

/proc/cpuinfo:
processor	: 0
vendor_id	: GenuineIntel
cpu family	: 6
model		: 142
model name	: Intel(R) Core(TM) i3-7100U CPU @ 2.40GHz
stepping	: 9
microcode	: 0xde
cpu MHz		: 2164.058
cache size	: 3072 KB
physical id	: 0
siblings	: 4
core id		: 0
cpu cores	: 2
apicid		: 0
initial apicid	: 0
fpu		: yes
fpu_exception	: yes
cpuid level	: 22
wp		: yes
flags		: fpu vme de pse tsc msr pae mce cx8 apic sep mtrr pge mca cmov pat pse36 clflush dts acpi mmx fxsr sse sse2 ss ht tm pbe syscall nx pdpe1gb rdtscp lm constant_tsc art arch_perfmon pebs bts rep_good nopl xtopology nonstop_tsc cpuid aperfmperf pni pclmulqdq dtes64 monitor ds_cpl vmx est tm2 ssse3 sdbg fma cx16 xtpr pdcm pcid sse4_1 sse4_2 x2apic movbe popcnt tsc_deadline_timer aes xsave avx f16c rdrand lahf_lm abm 3dnowprefetch cpuid_fault epb invpcid_single pti ssbd ibrs ibpb stibp tpr_shadow vnmi flexpriority ept vpid fsgsbase tsc_adjust bmi1 avx2 smep bmi2 erms invpcid mpx rdseed adx smap clflushopt intel_pt xsaveopt xsavec xgetbv1 xsaves dtherm arat pln pts hwp hwp_notify hwp_act_window hwp_epp md_clear flush_l1d
bugs		: cpu_meltdown spectre_v1 spectre_v2 spec_store_bypass l1tf mds swapgs itlb_multihit srbds
bogomips	: 4800.00
clflush size	: 64
cache_alignment	: 64
address sizes	: 39 bits physical, 48 bits virtual
power management:

processor	: 1
vendor_id	: GenuineIntel
cpu family	: 6
model		: 142
model name	: Intel(R) Core(TM) i3-7100U CPU @ 2.40GHz
stepping	: 9
microcode	: 0xde
cpu MHz		: 2201.759
cache size	: 3072 KB
physical id	: 0
siblings	: 4
core id		: 1
cpu cores	: 2
apicid		: 2
initial apicid	: 2
fpu		: yes
fpu_exception	: yes
cpuid level	: 22
wp		: yes
flags		: fpu vme de pse tsc msr pae mce cx8 apic sep mtrr pge mca cmov pat pse36 clflush dts acpi mmx fxsr sse sse2 ss ht tm pbe syscall nx pdpe1gb rdtscp lm constant_tsc art arch_perfmon pebs bts rep_good nopl xtopology nonstop_tsc cpuid aperfmperf pni pclmulqdq dtes64 monitor ds_cpl vmx est tm2 ssse3 sdbg fma cx16 xtpr pdcm pcid sse4_1 sse4_2 x2apic movbe popcnt tsc_deadline_timer aes xsave avx f16c rdrand lahf_lm abm 3dnowprefetch cpuid_fault epb invpcid_single pti ssbd ibrs ibpb stibp tpr_shadow vnmi flexpriority ept vpid fsgsbase tsc_adjust bmi1 avx2 smep bmi2 erms invpcid mpx rdseed adx smap clflushopt intel_pt xsaveopt xsavec xgetbv1 xsaves dtherm arat pln pts hwp hwp_notify hwp_act_window hwp_epp md_clear flush_l1d
bugs		: cpu_meltdown spectre_v1 spectre_v2 spec_store_bypass l1tf mds swapgs itlb_multihit srbds
bogomips	: 4800.00
clflush size	: 64
cache_alignment	: 64
address sizes	: 39 bits physical, 48 bits virtual
power management:

processor	: 2
vendor_id	: GenuineIntel
cpu family	: 6
model		: 142
model name	: Intel(R) Core(TM) i3-7100U CPU @ 2.40GHz
stepping	: 9
microcode	: 0xde
cpu MHz		: 2029.728
cache size	: 3072 KB
physical id	: 0
siblings	: 4
core id		: 0
cpu cores	: 2
apicid		: 1
initial apicid	: 1
fpu		: yes
fpu_exception	: yes
cpuid level	: 22
wp		: yes
flags		: fpu vme de pse tsc msr pae mce cx8 apic sep mtrr pge mca cmov pat pse36 clflush dts acpi mmx fxsr sse sse2 ss ht tm pbe syscall nx pdpe1gb rdtscp lm constant_tsc art arch_perfmon pebs bts rep_good nopl xtopology nonstop_tsc cpuid aperfmperf pni pclmulqdq dtes64 monitor ds_cpl vmx est tm2 ssse3 sdbg fma cx16 xtpr pdcm pcid sse4_1 sse4_2 x2apic movbe popcnt tsc_deadline_timer aes xsave avx f16c rdrand lahf_lm abm 3dnowprefetch cpuid_fault epb invpcid_single pti ssbd ibrs ibpb stibp tpr_shadow vnmi flexpriority ept vpid fsgsbase tsc_adjust bmi1 avx2 smep bmi2 erms invpcid mpx rdseed adx smap clflushopt intel_pt xsaveopt xsavec xgetbv1 xsaves dtherm arat pln pts hwp hwp_notify hwp_act_window hwp_epp md_clear flush_l1d
bugs		: cpu_meltdown spectre_v1 spectre_v2 spec_store_bypass l1tf mds swapgs itlb_multihit srbds
bogomips	: 4800.00
clflush size	: 64
cache_alignment	: 64
address sizes	: 39 bits physical, 48 bits virtual
power management:

processor	: 3
vendor_id	: GenuineIntel
cpu family	: 6
model		: 142
model name	: Intel(R) Core(TM) i3-7100U CPU @ 2.40GHz
stepping	: 9
microcode	: 0xde
cpu MHz		: 2110.642
cache size	: 3072 KB
physical id	: 0
siblings	: 4
core id		: 1
cpu cores	: 2
apicid		: 3
initial apicid	: 3
fpu		: yes
fpu_exception	: yes
cpuid level	: 22
wp		: yes
flags		: fpu vme de pse tsc msr pae mce cx8 apic sep mtrr pge mca cmov pat pse36 clflush dts acpi mmx fxsr sse sse2 ss ht tm pbe syscall nx pdpe1gb rdtscp lm constant_tsc art arch_perfmon pebs bts rep_good nopl xtopology nonstop_tsc cpuid aperfmperf pni pclmulqdq dtes64 monitor ds_cpl vmx est tm2 ssse3 sdbg fma cx16 xtpr pdcm pcid sse4_1 sse4_2 x2apic movbe popcnt tsc_deadline_timer aes xsave avx f16c rdrand lahf_lm abm 3dnowprefetch cpuid_fault epb invpcid_single pti ssbd ibrs ibpb stibp tpr_shadow vnmi flexpriority ept vpid fsgsbase tsc_adjust bmi1 avx2 smep bmi2 erms invpcid mpx rdseed adx smap clflushopt intel_pt xsaveopt xsavec xgetbv1 xsaves dtherm arat pln pts hwp hwp_notify hwp_act_window hwp_epp md_clear flush_l1d
bugs		: cpu_meltdown spectre_v1 spectre_v2 spec_store_bypass l1tf mds swapgs itlb_multihit srbds
bogomips	: 4800.00
clflush size	: 64
cache_alignment	: 64
address sizes	: 39 bits physical, 48 bits virtual
power management:



Memory: 4k page, physical 3925960k(93220k free), swap 2097148k(0k free)

vm_info: OpenJDK 64-Bit Server VM (25.242-b3-6222593) for linux-amd64 JRE (1.8.0_242-release-1644-b3-6222593), built by "android-build" with gcc 4.8

time: Thu Apr 15 14:37:39 2021
timezone: CEST
elapsed time: 6 seconds (0d 0h 0m 6s)

