#
# There is insufficient memory for the Java Runtime Environment to continue.
# Native memory allocation (mmap) failed to map 87031808 bytes for committing reserved memory.
# Possible reasons:
#   The system is out of physical RAM or swap space
#   The process is running with CompressedOops enabled, and the Java Heap may be blocking the growth of the native heap
# Possible solutions:
#   Reduce memory load on the system
#   Increase physical memory or swap space
#   Check if swap backing store is full
#   Decrease Java heap size (-Xmx/-Xms)
#   Decrease number of Java threads
#   Decrease Java thread stack sizes (-Xss)
#   Set larger code cache with -XX:ReservedCodeCacheSize=
# This output file may be truncated or incomplete.
#
#  Out of Memory Error (os_linux.cpp:2754), pid=32397, tid=0x00007fc0a66f1700
#
# JRE version:  (8.0_242) (build )
# Java VM: OpenJDK 64-Bit Server VM (25.242-b3-6222593 mixed mode linux-amd64 compressed oops)
# Failed to write core dump. Core dumps have been disabled. To enable core dumping, try "ulimit -c unlimited" before starting Java again
#

---------------  T H R E A D  ---------------

Current thread (0x00007fc0a000b800):  JavaThread "Unknown thread" [_thread_in_vm, id=32398, stack(0x00007fc0a65f2000,0x00007fc0a66f2000)]

Stack: [0x00007fc0a65f2000,0x00007fc0a66f2000],  sp=0x00007fc0a66f05e0,  free space=1017k
Native frames: (J=compiled Java code, j=interpreted, Vv=VM code, C=native code)
V  [libjvm.so+0xa1317d]  VMError::report_and_die()+0x15d
V  [libjvm.so+0x4d7bca]  report_vm_out_of_memory(char const*, int, unsigned long, VMErrorType, char const*)+0x8a
V  [libjvm.so+0x878fb8]  os::pd_commit_memory(char*, unsigned long, unsigned long, bool)+0xd8
V  [libjvm.so+0x87088f]  os::commit_memory(char*, unsigned long, unsigned long, bool)+0x1f
V  [libjvm.so+0x8ea5fb]  PSVirtualSpace::expand_by(unsigned long)+0x5b
V  [libjvm.so+0x8dc508]  PSOldGen::initialize(ReservedSpace, unsigned long, char const*, int)+0xa8
V  [libjvm.so+0x2dd7e3]  AdjoiningGenerations::AdjoiningGenerations(ReservedSpace, GenerationSizer*, unsigned long)+0x353
V  [libjvm.so+0x89d111]  ParallelScavengeHeap::initialize()+0x211
V  [libjvm.so+0x9de4a9]  Universe::initialize_heap()+0x189
V  [libjvm.so+0x9de6a3]  universe_init()+0x33
V  [libjvm.so+0x6017b5]  init_globals()+0x55
V  [libjvm.so+0x9c1b74]  Threads::create_vm(JavaVMInitArgs*, bool*)+0x274
V  [libjvm.so+0x66f75e]  JNI_CreateJavaVM+0x4e
C  [libjli.so+0x77a8]  JavaMain+0x88
C  [libpthread.so.0+0x76db]  start_thread+0xdb


---------------  P R O C E S S  ---------------

Java Threads: ( => current thread )

Other Threads:

=>0x00007fc0a000b800 (exited) JavaThread "Unknown thread" [_thread_in_vm, id=32398, stack(0x00007fc0a65f2000,0x00007fc0a66f2000)]

VM state:not at safepoint (not fully initialized)

VM Mutex/Monitor currently owned by a thread: None

heap address: 0x0000000085000000, size: 1968 MB, Compressed Oops mode: Non-zero based:0x0000000084fff000
Narrow klass base: 0x0000000000000000, Narrow klass shift: 0

GC Heap History (0 events):
No events

Deoptimization events (0 events):
No events

Classes redefined (0 events):
No events

Internal exceptions (0 events):
No events

Events (0 events):
No events


Dynamic libraries:
00400000-00401000 r-xp 00000000 08:02 4595191                            /home/elise/Downloads/android-studio-ide-201.6953283-linux/android-studio/jre/jre/bin/java
00401000-00402000 r--p 00000000 08:02 4595191                            /home/elise/Downloads/android-studio-ide-201.6953283-linux/android-studio/jre/jre/bin/java
00402000-00403000 rw-p 00001000 08:02 4595191                            /home/elise/Downloads/android-studio-ide-201.6953283-linux/android-studio/jre/jre/bin/java
018ae000-018cf000 rw-p 00000000 00:00 0                                  [heap]
8a300000-d7000000 ---p 00000000 00:00 0 
d7000000-d9900000 rw-p 00000000 00:00 0 
d9900000-100000000 ---p 00000000 00:00 0 
7fc0906dd000-7fc090867000 rw-p 00000000 00:00 0 
7fc090867000-7fc090af7000 ---p 00000000 00:00 0 
7fc090af7000-7fc090b0c000 rw-p 00000000 00:00 0 
7fc090b0c000-7fc090c3f000 ---p 00000000 00:00 0 
7fc090c3f000-7fc090c4a000 rw-p 00000000 00:00 0 
7fc090c4a000-7fc091000000 ---p 00000000 00:00 0 
7fc091000000-7fc091270000 rwxp 00000000 00:00 0 
7fc091270000-7fc0a0000000 ---p 00000000 00:00 0 
7fc0a0000000-7fc0a0038000 rw-p 00000000 00:00 0 
7fc0a0038000-7fc0a4000000 ---p 00000000 00:00 0 
7fc0a409b000-7fc0a41c3000 rw-p 00000000 00:00 0 
7fc0a41c3000-7fc0a41ce000 r-xp 00000000 08:02 1310814                    /lib/x86_64-linux-gnu/libnss_files-2.27.so
7fc0a41ce000-7fc0a43cd000 ---p 0000b000 08:02 1310814                    /lib/x86_64-linux-gnu/libnss_files-2.27.so
7fc0a43cd000-7fc0a43ce000 r--p 0000a000 08:02 1310814                    /lib/x86_64-linux-gnu/libnss_files-2.27.so
7fc0a43ce000-7fc0a43cf000 rw-p 0000b000 08:02 1310814                    /lib/x86_64-linux-gnu/libnss_files-2.27.so
7fc0a43cf000-7fc0a43d5000 rw-p 00000000 00:00 0 
7fc0a43d5000-7fc0a43ec000 r-xp 00000000 08:02 1310811                    /lib/x86_64-linux-gnu/libnsl-2.27.so
7fc0a43ec000-7fc0a45eb000 ---p 00017000 08:02 1310811                    /lib/x86_64-linux-gnu/libnsl-2.27.so
7fc0a45eb000-7fc0a45ec000 r--p 00016000 08:02 1310811                    /lib/x86_64-linux-gnu/libnsl-2.27.so
7fc0a45ec000-7fc0a45ed000 rw-p 00017000 08:02 1310811                    /lib/x86_64-linux-gnu/libnsl-2.27.so
7fc0a45ed000-7fc0a45ef000 rw-p 00000000 00:00 0 
7fc0a45ef000-7fc0a45fa000 r-xp 00000000 08:02 1310816                    /lib/x86_64-linux-gnu/libnss_nis-2.27.so
7fc0a45fa000-7fc0a47f9000 ---p 0000b000 08:02 1310816                    /lib/x86_64-linux-gnu/libnss_nis-2.27.so
7fc0a47f9000-7fc0a47fa000 r--p 0000a000 08:02 1310816                    /lib/x86_64-linux-gnu/libnss_nis-2.27.so
7fc0a47fa000-7fc0a47fb000 rw-p 0000b000 08:02 1310816                    /lib/x86_64-linux-gnu/libnss_nis-2.27.so
7fc0a47fb000-7fc0a4803000 r-xp 00000000 08:02 1310812                    /lib/x86_64-linux-gnu/libnss_compat-2.27.so
7fc0a4803000-7fc0a4a03000 ---p 00008000 08:02 1310812                    /lib/x86_64-linux-gnu/libnss_compat-2.27.so
7fc0a4a03000-7fc0a4a04000 r--p 00008000 08:02 1310812                    /lib/x86_64-linux-gnu/libnss_compat-2.27.so
7fc0a4a04000-7fc0a4a05000 rw-p 00009000 08:02 1310812                    /lib/x86_64-linux-gnu/libnss_compat-2.27.so
7fc0a4a05000-7fc0a4a0c000 r-xp 00000000 08:02 1315515                    /lib/x86_64-linux-gnu/librt-2.27.so
7fc0a4a0c000-7fc0a4c0b000 ---p 00007000 08:02 1315515                    /lib/x86_64-linux-gnu/librt-2.27.so
7fc0a4c0b000-7fc0a4c0c000 r--p 00006000 08:02 1315515                    /lib/x86_64-linux-gnu/librt-2.27.so
7fc0a4c0c000-7fc0a4c0d000 rw-p 00007000 08:02 1315515                    /lib/x86_64-linux-gnu/librt-2.27.so
7fc0a4c0d000-7fc0a4daa000 r-xp 00000000 08:02 1310808                    /lib/x86_64-linux-gnu/libm-2.27.so
7fc0a4daa000-7fc0a4fa9000 ---p 0019d000 08:02 1310808                    /lib/x86_64-linux-gnu/libm-2.27.so
7fc0a4fa9000-7fc0a4faa000 r--p 0019c000 08:02 1310808                    /lib/x86_64-linux-gnu/libm-2.27.so
7fc0a4faa000-7fc0a4fab000 rw-p 0019d000 08:02 1310808                    /lib/x86_64-linux-gnu/libm-2.27.so
7fc0a4fab000-7fc0a5bda000 r-xp 00000000 08:02 4595142                    /home/elise/Downloads/android-studio-ide-201.6953283-linux/android-studio/jre/jre/lib/amd64/server/libjvm.so
7fc0a5bda000-7fc0a5c82000 r--p 00c2e000 08:02 4595142                    /home/elise/Downloads/android-studio-ide-201.6953283-linux/android-studio/jre/jre/lib/amd64/server/libjvm.so
7fc0a5c82000-7fc0a5cab000 rw-p 00cd6000 08:02 4595142                    /home/elise/Downloads/android-studio-ide-201.6953283-linux/android-studio/jre/jre/lib/amd64/server/libjvm.so
7fc0a5cab000-7fc0a5cef000 rw-p 00000000 00:00 0 
7fc0a5cef000-7fc0a5ed6000 r-xp 00000000 08:02 1310804                    /lib/x86_64-linux-gnu/libc-2.27.so
7fc0a5ed6000-7fc0a60d6000 ---p 001e7000 08:02 1310804                    /lib/x86_64-linux-gnu/libc-2.27.so
7fc0a60d6000-7fc0a60da000 r--p 001e7000 08:02 1310804                    /lib/x86_64-linux-gnu/libc-2.27.so
7fc0a60da000-7fc0a60dc000 rw-p 001eb000 08:02 1310804                    /lib/x86_64-linux-gnu/libc-2.27.so
7fc0a60dc000-7fc0a60e0000 rw-p 00000000 00:00 0 
7fc0a60e0000-7fc0a60e3000 r-xp 00000000 08:02 1310807                    /lib/x86_64-linux-gnu/libdl-2.27.so
7fc0a60e3000-7fc0a62e2000 ---p 00003000 08:02 1310807                    /lib/x86_64-linux-gnu/libdl-2.27.so
7fc0a62e2000-7fc0a62e3000 r--p 00002000 08:02 1310807                    /lib/x86_64-linux-gnu/libdl-2.27.so
7fc0a62e3000-7fc0a62e4000 rw-p 00003000 08:02 1310807                    /lib/x86_64-linux-gnu/libdl-2.27.so
7fc0a62e4000-7fc0a62fe000 r-xp 00000000 08:02 1315433                    /lib/x86_64-linux-gnu/libpthread-2.27.so
7fc0a62fe000-7fc0a64fd000 ---p 0001a000 08:02 1315433                    /lib/x86_64-linux-gnu/libpthread-2.27.so
7fc0a64fd000-7fc0a64fe000 r--p 00019000 08:02 1315433                    /lib/x86_64-linux-gnu/libpthread-2.27.so
7fc0a64fe000-7fc0a64ff000 rw-p 0001a000 08:02 1315433                    /lib/x86_64-linux-gnu/libpthread-2.27.so
7fc0a64ff000-7fc0a6503000 rw-p 00000000 00:00 0 
7fc0a6503000-7fc0a652c000 r-xp 00000000 08:02 1310736                    /lib/x86_64-linux-gnu/ld-2.27.so
7fc0a65a9000-7fc0a65c4000 r-xp 00000000 08:02 4595147                    /home/elise/Downloads/android-studio-ide-201.6953283-linux/android-studio/jre/jre/lib/amd64/libzip.so
7fc0a65c4000-7fc0a65c5000 r--p 0001a000 08:02 4595147                    /home/elise/Downloads/android-studio-ide-201.6953283-linux/android-studio/jre/jre/lib/amd64/libzip.so
7fc0a65c5000-7fc0a65c6000 rw-p 0001b000 08:02 4595147                    /home/elise/Downloads/android-studio-ide-201.6953283-linux/android-studio/jre/jre/lib/amd64/libzip.so
7fc0a65c6000-7fc0a65ee000 r-xp 00000000 08:02 4595115                    /home/elise/Downloads/android-studio-ide-201.6953283-linux/android-studio/jre/jre/lib/amd64/libjava.so
7fc0a65ee000-7fc0a65ef000 r--p 00027000 08:02 4595115                    /home/elise/Downloads/android-studio-ide-201.6953283-linux/android-studio/jre/jre/lib/amd64/libjava.so
7fc0a65ef000-7fc0a65f1000 rw-p 00028000 08:02 4595115                    /home/elise/Downloads/android-studio-ide-201.6953283-linux/android-studio/jre/jre/lib/amd64/libjava.so
7fc0a65f1000-7fc0a65f2000 ---p 00000000 00:00 0 
7fc0a65f2000-7fc0a65f5000 ---p 00000000 00:00 0 
7fc0a65f5000-7fc0a66f4000 rw-p 00000000 00:00 0 
7fc0a66f4000-7fc0a670a000 r-xp 00000000 08:02 4595118                    /home/elise/Downloads/android-studio-ide-201.6953283-linux/android-studio/jre/jre/lib/amd64/jli/libjli.so
7fc0a670a000-7fc0a670b000 r--p 00015000 08:02 4595118                    /home/elise/Downloads/android-studio-ide-201.6953283-linux/android-studio/jre/jre/lib/amd64/jli/libjli.so
7fc0a670b000-7fc0a670c000 rw-p 00016000 08:02 4595118                    /home/elise/Downloads/android-studio-ide-201.6953283-linux/android-studio/jre/jre/lib/amd64/jli/libjli.so
7fc0a6710000-7fc0a6718000 rw-s 00000000 08:02 6556879                    /tmp/hsperfdata_root/32397
7fc0a6718000-7fc0a6719000 rw-p 00000000 00:00 0 
7fc0a6719000-7fc0a671a000 r--p 00000000 00:00 0 
7fc0a671a000-7fc0a6727000 r-xp 00000000 08:02 4595129                    /home/elise/Downloads/android-studio-ide-201.6953283-linux/android-studio/jre/jre/lib/amd64/libverify.so
7fc0a6727000-7fc0a6729000 r--p 0000c000 08:02 4595129                    /home/elise/Downloads/android-studio-ide-201.6953283-linux/android-studio/jre/jre/lib/amd64/libverify.so
7fc0a6729000-7fc0a672a000 rw-p 0000e000 08:02 4595129                    /home/elise/Downloads/android-studio-ide-201.6953283-linux/android-studio/jre/jre/lib/amd64/libverify.so
7fc0a672a000-7fc0a672c000 rw-p 00000000 00:00 0 
7fc0a672c000-7fc0a672d000 r--p 00029000 08:02 1310736                    /lib/x86_64-linux-gnu/ld-2.27.so
7fc0a672d000-7fc0a672e000 rw-p 0002a000 08:02 1310736                    /lib/x86_64-linux-gnu/ld-2.27.so
7fc0a672e000-7fc0a672f000 rw-p 00000000 00:00 0 
7ffedc9bb000-7ffedc9dd000 rw-p 00000000 00:00 0                          [stack]
7ffedc9ef000-7ffedc9f2000 r--p 00000000 00:00 0                          [vvar]
7ffedc9f2000-7ffedc9f4000 r-xp 00000000 00:00 0                          [vdso]
ffffffffff600000-ffffffffff601000 r-xp 00000000 00:00 0                  [vsyscall]

VM Arguments:
java_command: org.jetbrains.git4idea.http.GitAskPassApp Username for 'https://github.com': 
java_class_path (initial): /home/elise/Downloads/android-studio-ide-201.6953283-linux/android-studio/plugins/git4idea/lib/git4idea-rt.jar:/home/elise/Downloads/android-studio-ide-201.6953283-linux/android-studio/lib/xmlrpc-2.0.1.jar:/home/elise/Downloads/android-studio-ide-201.6953283-linux/android-studio/lib/commons-codec-1.14.jar:/home/elise/Downloads/android-studio-ide-201.6953283-linux/android-studio/lib/util.jar
Launcher Type: SUN_STANDARD

Environment Variables:
PATH=/usr/lib/git-core:/usr/local/sbin:/usr/local/bin:/usr/sbin:/usr/bin:/sbin:/bin:/snap/bin
USERNAME=root
SHELL=/bin/bash
DISPLAY=:0

Signal Handlers:
SIGSEGV: [libjvm.so+0xa13c80], sa_mask[0]=11111111011111111101111111111110, sa_flags=SA_RESTART|SA_SIGINFO
SIGBUS: [libjvm.so+0xa13c80], sa_mask[0]=11111111011111111101111111111110, sa_flags=SA_RESTART|SA_SIGINFO
SIGFPE: [libjvm.so+0x874670], sa_mask[0]=11111111011111111101111111111110, sa_flags=SA_RESTART|SA_SIGINFO
SIGPIPE: [libjvm.so+0x874670], sa_mask[0]=11111111011111111101111111111110, sa_flags=SA_RESTART|SA_SIGINFO
SIGXFSZ: [libjvm.so+0x874670], sa_mask[0]=11111111011111111101111111111110, sa_flags=SA_RESTART|SA_SIGINFO
SIGILL: [libjvm.so+0x874670], sa_mask[0]=11111111011111111101111111111110, sa_flags=SA_RESTART|SA_SIGINFO
SIGUSR1: SIG_DFL, sa_mask[0]=00000000000000000000000000000000, sa_flags=none
SIGUSR2: [libjvm.so+0x874540], sa_mask[0]=00100000000000000000000000000000, sa_flags=SA_RESTART|SA_SIGINFO
SIGHUP: SIG_DFL, sa_mask[0]=00000000000000000000000000000000, sa_flags=none
SIGINT: SIG_DFL, sa_mask[0]=00000000000000000000000000000000, sa_flags=none
SIGTERM: SIG_DFL, sa_mask[0]=00000000000000000000000000000000, sa_flags=none
SIGQUIT: SIG_DFL, sa_mask[0]=00000000000000000000000000000000, sa_flags=none


---------------  S Y S T E M  ---------------

OS:DISTRIB_ID=Ubuntu
DISTRIB_RELEASE=18.04
DISTRIB_CODENAME=bionic
DISTRIB_DESCRIPTION="Ubuntu 18.04 LTS"

uname:Linux 4.15.0-143-generic #147-Ubuntu SMP Wed Apr 14 16:10:11 UTC 2021 x86_64
libc:glibc 2.27 NPTL 2.27 
rlimit: STACK 8192k, CORE 0k, NPROC 30343, NOFILE 4096, AS infinity
load average:8.28 8.10 8.49

/proc/meminfo:
MemTotal:        8054680 kB
MemFree:          118036 kB
MemAvailable:      25208 kB
Buffers:             408 kB
Cached:          1038728 kB
SwapCached:          920 kB
Active:          6734620 kB
Inactive:         857600 kB
Active(anon):    6722192 kB
Inactive(anon):   840372 kB
Active(file):      12428 kB
Inactive(file):    17228 kB
Unevictable:          48 kB
Mlocked:              48 kB
SwapTotal:       2097148 kB
SwapFree:              0 kB
Dirty:               104 kB
Writeback:           540 kB
AnonPages:       6552628 kB
Mapped:           285288 kB
Shmem:           1009064 kB
Slab:             149884 kB
SReclaimable:      66708 kB
SUnreclaim:        83176 kB
KernelStack:       20640 kB
PageTables:        93392 kB
NFS_Unstable:          0 kB
Bounce:                0 kB
WritebackTmp:          0 kB
CommitLimit:     6124488 kB
Committed_AS:   17425692 kB
VmallocTotal:   34359738367 kB
VmallocUsed:           0 kB
VmallocChunk:          0 kB
HardwareCorrupted:     0 kB
AnonHugePages:         0 kB
ShmemHugePages:        0 kB
ShmemPmdMapped:        0 kB
CmaTotal:              0 kB
CmaFree:               0 kB
HugePages_Total:       0
HugePages_Free:        0
HugePages_Rsvd:        0
HugePages_Surp:        0
Hugepagesize:       2048 kB
DirectMap4k:      767632 kB
DirectMap2M:     7507968 kB
DirectMap1G:           0 kB

container (cgroup) information:
container_type: cgroupv1
cpu_cpuset_cpus: 0-3
cpu_memory_nodes: 0
active_processor_count: 4
cpu_quota: -1
cpu_period: 100000
cpu_shares: -1
memory_limit_in_bytes: -1
memory_and_swap_limit_in_bytes: -2
memory_soft_limit_in_bytes: -1
memory_usage_in_bytes: 7773257728
memory_max_usage_in_bytes: 38776832


CPU:total 4 (initial active 4) (2 cores per cpu, 2 threads per core) family 6 model 142 stepping 9, cmov, cx8, fxsr, mmx, sse, sse2, sse3, ssse3, sse4.1, sse4.2, popcnt, avx, avx2, aes, clmul, erms, 3dnowpref, lzcnt, ht, tsc, tscinvbit, bmi1, bmi2, adx

/proc/cpuinfo:
processor	: 0
vendor_id	: GenuineIntel
cpu family	: 6
model		: 142
model name	: Intel(R) Core(TM) i3-7100U CPU @ 2.40GHz
stepping	: 9
microcode	: 0xde
cpu MHz		: 2400.018
cache size	: 3072 KB
physical id	: 0
siblings	: 4
core id		: 0
cpu cores	: 2
apicid		: 0
initial apicid	: 0
fpu		: yes
fpu_exception	: yes
cpuid level	: 22
wp		: yes
flags		: fpu vme de pse tsc msr pae mce cx8 apic sep mtrr pge mca cmov pat pse36 clflush dts acpi mmx fxsr sse sse2 ss ht tm pbe syscall nx pdpe1gb rdtscp lm constant_tsc art arch_perfmon pebs bts rep_good nopl xtopology nonstop_tsc cpuid aperfmperf pni pclmulqdq dtes64 monitor ds_cpl vmx est tm2 ssse3 sdbg fma cx16 xtpr pdcm pcid sse4_1 sse4_2 x2apic movbe popcnt tsc_deadline_timer aes xsave avx f16c rdrand lahf_lm abm 3dnowprefetch cpuid_fault epb invpcid_single pti ssbd ibrs ibpb stibp tpr_shadow vnmi flexpriority ept vpid fsgsbase tsc_adjust bmi1 avx2 smep bmi2 erms invpcid mpx rdseed adx smap clflushopt intel_pt xsaveopt xsavec xgetbv1 xsaves dtherm arat pln pts hwp hwp_notify hwp_act_window hwp_epp md_clear flush_l1d
bugs		: cpu_meltdown spectre_v1 spectre_v2 spec_store_bypass l1tf mds swapgs itlb_multihit srbds
bogomips	: 4800.00
clflush size	: 64
cache_alignment	: 64
address sizes	: 39 bits physical, 48 bits virtual
power management:

processor	: 1
vendor_id	: GenuineIntel
cpu family	: 6
model		: 142
model name	: Intel(R) Core(TM) i3-7100U CPU @ 2.40GHz
stepping	: 9
microcode	: 0xde
cpu MHz		: 2400.005
cache size	: 3072 KB
physical id	: 0
siblings	: 4
core id		: 1
cpu cores	: 2
apicid		: 2
initial apicid	: 2
fpu		: yes
fpu_exception	: yes
cpuid level	: 22
wp		: yes
flags		: fpu vme de pse tsc msr pae mce cx8 apic sep mtrr pge mca cmov pat pse36 clflush dts acpi mmx fxsr sse sse2 ss ht tm pbe syscall nx pdpe1gb rdtscp lm constant_tsc art arch_perfmon pebs bts rep_good nopl xtopology nonstop_tsc cpuid aperfmperf pni pclmulqdq dtes64 monitor ds_cpl vmx est tm2 ssse3 sdbg fma cx16 xtpr pdcm pcid sse4_1 sse4_2 x2apic movbe popcnt tsc_deadline_timer aes xsave avx f16c rdrand lahf_lm abm 3dnowprefetch cpuid_fault epb invpcid_single pti ssbd ibrs ibpb stibp tpr_shadow vnmi flexpriority ept vpid fsgsbase tsc_adjust bmi1 avx2 smep bmi2 erms invpcid mpx rdseed adx smap clflushopt intel_pt xsaveopt xsavec xgetbv1 xsaves dtherm arat pln pts hwp hwp_notify hwp_act_window hwp_epp md_clear flush_l1d
bugs		: cpu_meltdown spectre_v1 spectre_v2 spec_store_bypass l1tf mds swapgs itlb_multihit srbds
bogomips	: 4800.00
clflush size	: 64
cache_alignment	: 64
address sizes	: 39 bits physical, 48 bits virtual
power management:

processor	: 2
vendor_id	: GenuineIntel
cpu family	: 6
model		: 142
model name	: Intel(R) Core(TM) i3-7100U CPU @ 2.40GHz
stepping	: 9
microcode	: 0xde
cpu MHz		: 2399.992
cache size	: 3072 KB
physical id	: 0
siblings	: 4
core id		: 0
cpu cores	: 2
apicid		: 1
initial apicid	: 1
fpu		: yes
fpu_exception	: yes
cpuid level	: 22
wp		: yes
flags		: fpu vme de pse tsc msr pae mce cx8 apic sep mtrr pge mca cmov pat pse36 clflush dts acpi mmx fxsr sse sse2 ss ht tm pbe syscall nx pdpe1gb rdtscp lm constant_tsc art arch_perfmon pebs bts rep_good nopl xtopology nonstop_tsc cpuid aperfmperf pni pclmulqdq dtes64 monitor ds_cpl vmx est tm2 ssse3 sdbg fma cx16 xtpr pdcm pcid sse4_1 sse4_2 x2apic movbe popcnt tsc_deadline_timer aes xsave avx f16c rdrand lahf_lm abm 3dnowprefetch cpuid_fault epb invpcid_single pti ssbd ibrs ibpb stibp tpr_shadow vnmi flexpriority ept vpid fsgsbase tsc_adjust bmi1 avx2 smep bmi2 erms invpcid mpx rdseed adx smap clflushopt intel_pt xsaveopt xsavec xgetbv1 xsaves dtherm arat pln pts hwp hwp_notify hwp_act_window hwp_epp md_clear flush_l1d
bugs		: cpu_meltdown spectre_v1 spectre_v2 spec_store_bypass l1tf mds swapgs itlb_multihit srbds
bogomips	: 4800.00
clflush size	: 64
cache_alignment	: 64
address sizes	: 39 bits physical, 48 bits virtual
power management:

processor	: 3
vendor_id	: GenuineIntel
cpu family	: 6
model		: 142
model name	: Intel(R) Core(TM) i3-7100U CPU @ 2.40GHz
stepping	: 9
microcode	: 0xde
cpu MHz		: 2400.000
cache size	: 3072 KB
physical id	: 0
siblings	: 4
core id		: 1
cpu cores	: 2
apicid		: 3
initial apicid	: 3
fpu		: yes
fpu_exception	: yes
cpuid level	: 22
wp		: yes
flags		: fpu vme de pse tsc msr pae mce cx8 apic sep mtrr pge mca cmov pat pse36 clflush dts acpi mmx fxsr sse sse2 ss ht tm pbe syscall nx pdpe1gb rdtscp lm constant_tsc art arch_perfmon pebs bts rep_good nopl xtopology nonstop_tsc cpuid aperfmperf pni pclmulqdq dtes64 monitor ds_cpl vmx est tm2 ssse3 sdbg fma cx16 xtpr pdcm pcid sse4_1 sse4_2 x2apic movbe popcnt tsc_deadline_timer aes xsave avx f16c rdrand lahf_lm abm 3dnowprefetch cpuid_fault epb invpcid_single pti ssbd ibrs ibpb stibp tpr_shadow vnmi flexpriority ept vpid fsgsbase tsc_adjust bmi1 avx2 smep bmi2 erms invpcid mpx rdseed adx smap clflushopt intel_pt xsaveopt xsavec xgetbv1 xsaves dtherm arat pln pts hwp hwp_notify hwp_act_window hwp_epp md_clear flush_l1d
bugs		: cpu_meltdown spectre_v1 spectre_v2 spec_store_bypass l1tf mds swapgs itlb_multihit srbds
bogomips	: 4800.00
clflush size	: 64
cache_alignment	: 64
address sizes	: 39 bits physical, 48 bits virtual
power management:



Memory: 4k page, physical 8054680k(115004k free), swap 2097148k(0k free)

vm_info: OpenJDK 64-Bit Server VM (25.242-b3-6222593) for linux-amd64 JRE (1.8.0_242-release-1644-b3-6222593), built by "android-build" with gcc 4.8

time: Thu May 27 15:57:28 2021
timezone: CEST
elapsed time: 0 seconds (0d 0h 0m 0s)

